myHadoop: Setting MH_IPOIB_TRANSFORM='s/\([^.]*\).*$/\1.ibnet/' from myhadoop.conf
myHadoop: Setting MH_SCRATCH_DIR=/scratch/$USER/$SLURM_JOBID from myhadoop.conf
myHadoop: Using HADOOP_HOME=/opt/hadoop/2.6.0
myHadoop: Using MH_SCRATCH_DIR=/scratch/pbarhate/22472118
myHadoop: Using JAVA_HOME=/usr/java/latest
myHadoop: Generating Hadoop configuration in directory in /home/pbarhate/cometcluster...
myHadoop: Backing up old config dir to /home/pbarhate/cometcluster.13...
`/home/pbarhate/cometcluster' -> `/home/pbarhate/cometcluster.13'
myHadoop: Designating comet-22-28.ibnet as master node (namenode, secondary namenode, and jobtracker)
myHadoop: The following nodes will be slaves (datanode, tasktracer):
comet-22-28.ibnet
comet-22-45.ibnet
comet-22-70.ibnet
19/04/09 11:11:02 INFO namenode.NameNode: STARTUP_MSG: 
/************************************************************
STARTUP_MSG: Starting NameNode
STARTUP_MSG:   host = comet-22-28.sdsc.edu/198.202.119.125
STARTUP_MSG:   args = [-format]
STARTUP_MSG:   version = 2.6.0
STARTUP_MSG:   classpath = /home/pbarhate/cometcluster:/opt/hadoop/2.6.0/share/hadoop/common/lib/log4j-1.2.17.jar:/opt/hadoop/2.6.0/share/hadoop/common/lib/apacheds-kerberos-codec-2.0.0-M15.jar:/opt/hadoop/2.6.0/share/hadoop/common/lib/avro-1.7.4.jar:/opt/hadoop/2.6.0/share/hadoop/common/lib/jettison-1.1.jar:/opt/hadoop/2.6.0/share/hadoop/common/lib/asm-3.2.jar:/opt/hadoop/2.6.0/share/hadoop/common/lib/curator-client-2.6.0.jar:/opt/hadoop/2.6.0/share/hadoop/common/lib/snappy-java-1.0.4.1.jar:/opt/hadoop/2.6.0/share/hadoop/common/lib/jsp-api-2.1.jar:/opt/hadoop/2.6.0/share/hadoop/common/lib/api-asn1-api-1.0.0-M20.jar:/opt/hadoop/2.6.0/share/hadoop/common/lib/commons-net-3.1.jar:/opt/hadoop/2.6.0/share/hadoop/common/lib/httpcore-4.2.5.jar:/opt/hadoop/2.6.0/share/hadoop/common/lib/servlet-api-2.5.jar:/opt/hadoop/2.6.0/share/hadoop/common/lib/hadoop-annotations-2.6.0.jar:/opt/hadoop/2.6.0/share/hadoop/common/lib/commons-lang-2.6.jar:/opt/hadoop/2.6.0/share/hadoop/common/lib/stax-api-1.0-2.jar:/opt/hadoop/2.6.0/share/hadoop/common/lib/commons-digester-1.8.jar:/opt/hadoop/2.6.0/share/hadoop/common/lib/xmlenc-0.52.jar:/opt/hadoop/2.6.0/share/hadoop/common/lib/htrace-core-3.0.4.jar:/opt/hadoop/2.6.0/share/hadoop/common/lib/jsr305-1.3.9.jar:/opt/hadoop/2.6.0/share/hadoop/common/lib/slf4j-api-1.7.5.jar:/opt/hadoop/2.6.0/share/hadoop/common/lib/java-xmlbuilder-0.4.jar:/opt/hadoop/2.6.0/share/hadoop/common/lib/activation-1.1.jar:/opt/hadoop/2.6.0/share/hadoop/common/lib/httpclient-4.2.5.jar:/opt/hadoop/2.6.0/share/hadoop/common/lib/api-util-1.0.0-M20.jar:/opt/hadoop/2.6.0/share/hadoop/common/lib/commons-beanutils-1.7.0.jar:/opt/hadoop/2.6.0/share/hadoop/common/lib/commons-httpclient-3.1.jar:/opt/hadoop/2.6.0/share/hadoop/common/lib/jackson-core-asl-1.9.13.jar:/opt/hadoop/2.6.0/share/hadoop/common/lib/commons-cli-1.2.jar:/opt/hadoop/2.6.0/share/hadoop/common/lib/jersey-core-1.9.jar:/opt/hadoop/2.6.0/share/hadoop/common/lib/apacheds-i18n-2.0.0-M15.jar:/opt/hadoop/2.6.0/share/hadoop/common/lib/curator-framework-2.6.0.jar:/opt/hadoop/2.6.0/share/hadoop/common/lib/commons-math3-3.1.1.jar:/opt/hadoop/2.6.0/share/hadoop/common/lib/guava-11.0.2.jar:/opt/hadoop/2.6.0/share/hadoop/common/lib/jets3t-0.9.0.jar:/opt/hadoop/2.6.0/share/hadoop/common/lib/jaxb-api-2.2.2.jar:/opt/hadoop/2.6.0/share/hadoop/common/lib/jersey-server-1.9.jar:/opt/hadoop/2.6.0/share/hadoop/common/lib/jasper-compiler-5.5.23.jar:/opt/hadoop/2.6.0/share/hadoop/common/lib/commons-io-2.4.jar:/opt/hadoop/2.6.0/share/hadoop/common/lib/jackson-xc-1.9.13.jar:/opt/hadoop/2.6.0/share/hadoop/common/lib/netty-3.6.2.Final.jar:/opt/hadoop/2.6.0/share/hadoop/common/lib/jackson-mapper-asl-1.9.13.jar:/opt/hadoop/2.6.0/share/hadoop/common/lib/protobuf-java-2.5.0.jar:/opt/hadoop/2.6.0/share/hadoop/common/lib/hadoop-auth-2.6.0.jar:/opt/hadoop/2.6.0/share/hadoop/common/lib/commons-collections-3.2.1.jar:/opt/hadoop/2.6.0/share/hadoop/common/lib/zookeeper-3.4.6.jar:/opt/hadoop/2.6.0/share/hadoop/common/lib/commons-codec-1.4.jar:/opt/hadoop/2.6.0/share/hadoop/common/lib/commons-compress-1.4.1.jar:/opt/hadoop/2.6.0/share/hadoop/common/lib/jsch-0.1.42.jar:/opt/hadoop/2.6.0/share/hadoop/common/lib/jackson-jaxrs-1.9.13.jar:/opt/hadoop/2.6.0/share/hadoop/common/lib/commons-configuration-1.6.jar:/opt/hadoop/2.6.0/share/hadoop/common/lib/jasper-runtime-5.5.23.jar:/opt/hadoop/2.6.0/share/hadoop/common/lib/mockito-all-1.8.5.jar:/opt/hadoop/2.6.0/share/hadoop/common/lib/commons-beanutils-core-1.8.0.jar:/opt/hadoop/2.6.0/share/hadoop/common/lib/curator-recipes-2.6.0.jar:/opt/hadoop/2.6.0/share/hadoop/common/lib/xz-1.0.jar:/opt/hadoop/2.6.0/share/hadoop/common/lib/paranamer-2.3.jar:/opt/hadoop/2.6.0/share/hadoop/common/lib/commons-logging-1.1.3.jar:/opt/hadoop/2.6.0/share/hadoop/common/lib/jersey-json-1.9.jar:/opt/hadoop/2.6.0/share/hadoop/common/lib/hamcrest-core-1.3.jar:/opt/hadoop/2.6.0/share/hadoop/common/lib/jaxb-impl-2.2.3-1.jar:/opt/hadoop/2.6.0/share/hadoop/common/lib/jetty-6.1.26.jar:/opt/hadoop/2.6.0/share/hadoop/common/lib/slf4j-log4j12-1.7.5.jar:/opt/hadoop/2.6.0/share/hadoop/common/lib/commons-el-1.0.jar:/opt/hadoop/2.6.0/share/hadoop/common/lib/jetty-util-6.1.26.jar:/opt/hadoop/2.6.0/share/hadoop/common/lib/gson-2.2.4.jar:/opt/hadoop/2.6.0/share/hadoop/common/lib/junit-4.11.jar:/opt/hadoop/2.6.0/share/hadoop/common/hadoop-common-2.6.0.jar:/opt/hadoop/2.6.0/share/hadoop/common/hadoop-nfs-2.6.0.jar:/opt/hadoop/2.6.0/share/hadoop/common/hadoop-common-2.6.0-tests.jar:/opt/hadoop/2.6.0/share/hadoop/hdfs:/opt/hadoop/2.6.0/share/hadoop/hdfs/lib/log4j-1.2.17.jar:/opt/hadoop/2.6.0/share/hadoop/hdfs/lib/asm-3.2.jar:/opt/hadoop/2.6.0/share/hadoop/hdfs/lib/jsp-api-2.1.jar:/opt/hadoop/2.6.0/share/hadoop/hdfs/lib/xml-apis-1.3.04.jar:/opt/hadoop/2.6.0/share/hadoop/hdfs/lib/commons-daemon-1.0.13.jar:/opt/hadoop/2.6.0/share/hadoop/hdfs/lib/servlet-api-2.5.jar:/opt/hadoop/2.6.0/share/hadoop/hdfs/lib/commons-lang-2.6.jar:/opt/hadoop/2.6.0/share/hadoop/hdfs/lib/xmlenc-0.52.jar:/opt/hadoop/2.6.0/share/hadoop/hdfs/lib/htrace-core-3.0.4.jar:/opt/hadoop/2.6.0/share/hadoop/hdfs/lib/jsr305-1.3.9.jar:/opt/hadoop/2.6.0/share/hadoop/hdfs/lib/jackson-core-asl-1.9.13.jar:/opt/hadoop/2.6.0/share/hadoop/hdfs/lib/commons-cli-1.2.jar:/opt/hadoop/2.6.0/share/hadoop/hdfs/lib/jersey-core-1.9.jar:/opt/hadoop/2.6.0/share/hadoop/hdfs/lib/guava-11.0.2.jar:/opt/hadoop/2.6.0/share/hadoop/hdfs/lib/jersey-server-1.9.jar:/opt/hadoop/2.6.0/share/hadoop/hdfs/lib/commons-io-2.4.jar:/opt/hadoop/2.6.0/share/hadoop/hdfs/lib/netty-3.6.2.Final.jar:/opt/hadoop/2.6.0/share/hadoop/hdfs/lib/jackson-mapper-asl-1.9.13.jar:/opt/hadoop/2.6.0/share/hadoop/hdfs/lib/protobuf-java-2.5.0.jar:/opt/hadoop/2.6.0/share/hadoop/hdfs/lib/commons-codec-1.4.jar:/opt/hadoop/2.6.0/share/hadoop/hdfs/lib/jasper-runtime-5.5.23.jar:/opt/hadoop/2.6.0/share/hadoop/hdfs/lib/commons-logging-1.1.3.jar:/opt/hadoop/2.6.0/share/hadoop/hdfs/lib/jetty-6.1.26.jar:/opt/hadoop/2.6.0/share/hadoop/hdfs/lib/xercesImpl-2.9.1.jar:/opt/hadoop/2.6.0/share/hadoop/hdfs/lib/commons-el-1.0.jar:/opt/hadoop/2.6.0/share/hadoop/hdfs/lib/jetty-util-6.1.26.jar:/opt/hadoop/2.6.0/share/hadoop/hdfs/hadoop-hdfs-2.6.0-tests.jar:/opt/hadoop/2.6.0/share/hadoop/hdfs/hadoop-hdfs-2.6.0.jar:/opt/hadoop/2.6.0/share/hadoop/hdfs/hadoop-hdfs-nfs-2.6.0.jar:/opt/hadoop/2.6.0/share/hadoop/yarn/lib/log4j-1.2.17.jar:/opt/hadoop/2.6.0/share/hadoop/yarn/lib/jettison-1.1.jar:/opt/hadoop/2.6.0/share/hadoop/yarn/lib/jersey-client-1.9.jar:/opt/hadoop/2.6.0/share/hadoop/yarn/lib/asm-3.2.jar:/opt/hadoop/2.6.0/share/hadoop/yarn/lib/javax.inject-1.jar:/opt/hadoop/2.6.0/share/hadoop/yarn/lib/servlet-api-2.5.jar:/opt/hadoop/2.6.0/share/hadoop/yarn/lib/commons-lang-2.6.jar:/opt/hadoop/2.6.0/share/hadoop/yarn/lib/stax-api-1.0-2.jar:/opt/hadoop/2.6.0/share/hadoop/yarn/lib/jsr305-1.3.9.jar:/opt/hadoop/2.6.0/share/hadoop/yarn/lib/aopalliance-1.0.jar:/opt/hadoop/2.6.0/share/hadoop/yarn/lib/activation-1.1.jar:/opt/hadoop/2.6.0/share/hadoop/yarn/lib/commons-httpclient-3.1.jar:/opt/hadoop/2.6.0/share/hadoop/yarn/lib/jackson-core-asl-1.9.13.jar:/opt/hadoop/2.6.0/share/hadoop/yarn/lib/commons-cli-1.2.jar:/opt/hadoop/2.6.0/share/hadoop/yarn/lib/jersey-core-1.9.jar:/opt/hadoop/2.6.0/share/hadoop/yarn/lib/guice-3.0.jar:/opt/hadoop/2.6.0/share/hadoop/yarn/lib/guice-servlet-3.0.jar:/opt/hadoop/2.6.0/share/hadoop/yarn/lib/guava-11.0.2.jar:/opt/hadoop/2.6.0/share/hadoop/yarn/lib/jaxb-api-2.2.2.jar:/opt/hadoop/2.6.0/share/hadoop/yarn/lib/jersey-server-1.9.jar:/opt/hadoop/2.6.0/share/hadoop/yarn/lib/commons-io-2.4.jar:/opt/hadoop/2.6.0/share/hadoop/yarn/lib/jersey-guice-1.9.jar:/opt/hadoop/2.6.0/share/hadoop/yarn/lib/jackson-xc-1.9.13.jar:/opt/hadoop/2.6.0/share/hadoop/yarn/lib/netty-3.6.2.Final.jar:/opt/hadoop/2.6.0/share/hadoop/yarn/lib/jackson-mapper-asl-1.9.13.jar:/opt/hadoop/2.6.0/share/hadoop/yarn/lib/protobuf-java-2.5.0.jar:/opt/hadoop/2.6.0/share/hadoop/yarn/lib/commons-collections-3.2.1.jar:/opt/hadoop/2.6.0/share/hadoop/yarn/lib/zookeeper-3.4.6.jar:/opt/hadoop/2.6.0/share/hadoop/yarn/lib/commons-codec-1.4.jar:/opt/hadoop/2.6.0/share/hadoop/yarn/lib/commons-compress-1.4.1.jar:/opt/hadoop/2.6.0/share/hadoop/yarn/lib/jackson-jaxrs-1.9.13.jar:/opt/hadoop/2.6.0/share/hadoop/yarn/lib/jline-0.9.94.jar:/opt/hadoop/2.6.0/share/hadoop/yarn/lib/xz-1.0.jar:/opt/hadoop/2.6.0/share/hadoop/yarn/lib/commons-logging-1.1.3.jar:/opt/hadoop/2.6.0/share/hadoop/yarn/lib/jersey-json-1.9.jar:/opt/hadoop/2.6.0/share/hadoop/yarn/lib/jaxb-impl-2.2.3-1.jar:/opt/hadoop/2.6.0/share/hadoop/yarn/lib/jetty-6.1.26.jar:/opt/hadoop/2.6.0/share/hadoop/yarn/lib/leveldbjni-all-1.8.jar:/opt/hadoop/2.6.0/share/hadoop/yarn/lib/jetty-util-6.1.26.jar:/opt/hadoop/2.6.0/share/hadoop/yarn/hadoop-yarn-api-2.6.0.jar:/opt/hadoop/2.6.0/share/hadoop/yarn/hadoop-yarn-server-web-proxy-2.6.0.jar:/opt/hadoop/2.6.0/share/hadoop/yarn/hadoop-yarn-server-resourcemanager-2.6.0.jar:/opt/hadoop/2.6.0/share/hadoop/yarn/hadoop-yarn-common-2.6.0.jar:/opt/hadoop/2.6.0/share/hadoop/yarn/hadoop-yarn-server-nodemanager-2.6.0.jar:/opt/hadoop/2.6.0/share/hadoop/yarn/hadoop-yarn-registry-2.6.0.jar:/opt/hadoop/2.6.0/share/hadoop/yarn/hadoop-yarn-server-common-2.6.0.jar:/opt/hadoop/2.6.0/share/hadoop/yarn/hadoop-yarn-applications-unmanaged-am-launcher-2.6.0.jar:/opt/hadoop/2.6.0/share/hadoop/yarn/hadoop-yarn-server-tests-2.6.0.jar:/opt/hadoop/2.6.0/share/hadoop/yarn/hadoop-yarn-applications-distributedshell-2.6.0.jar:/opt/hadoop/2.6.0/share/hadoop/yarn/hadoop-yarn-server-applicationhistoryservice-2.6.0.jar:/opt/hadoop/2.6.0/share/hadoop/yarn/hadoop-yarn-client-2.6.0.jar:/opt/hadoop/2.6.0/share/hadoop/mapreduce/lib/log4j-1.2.17.jar:/opt/hadoop/2.6.0/share/hadoop/mapreduce/lib/avro-1.7.4.jar:/opt/hadoop/2.6.0/share/hadoop/mapreduce/lib/asm-3.2.jar:/opt/hadoop/2.6.0/share/hadoop/mapreduce/lib/snappy-java-1.0.4.1.jar:/opt/hadoop/2.6.0/share/hadoop/mapreduce/lib/javax.inject-1.jar:/opt/hadoop/2.6.0/share/hadoop/mapreduce/lib/hadoop-annotations-2.6.0.jar:/opt/hadoop/2.6.0/share/hadoop/mapreduce/lib/aopalliance-1.0.jar:/opt/hadoop/2.6.0/share/hadoop/mapreduce/lib/jackson-core-asl-1.9.13.jar:/opt/hadoop/2.6.0/share/hadoop/mapreduce/lib/jersey-core-1.9.jar:/opt/hadoop/2.6.0/share/hadoop/mapreduce/lib/guice-3.0.jar:/opt/hadoop/2.6.0/share/hadoop/mapreduce/lib/guice-servlet-3.0.jar:/opt/hadoop/2.6.0/share/hadoop/mapreduce/lib/jersey-server-1.9.jar:/opt/hadoop/2.6.0/share/hadoop/mapreduce/lib/commons-io-2.4.jar:/opt/hadoop/2.6.0/share/hadoop/mapreduce/lib/jersey-guice-1.9.jar:/opt/hadoop/2.6.0/share/hadoop/mapreduce/lib/netty-3.6.2.Final.jar:/opt/hadoop/2.6.0/share/hadoop/mapreduce/lib/jackson-mapper-asl-1.9.13.jar:/opt/hadoop/2.6.0/share/hadoop/mapreduce/lib/protobuf-java-2.5.0.jar:/opt/hadoop/2.6.0/share/hadoop/mapreduce/lib/commons-compress-1.4.1.jar:/opt/hadoop/2.6.0/share/hadoop/mapreduce/lib/xz-1.0.jar:/opt/hadoop/2.6.0/share/hadoop/mapreduce/lib/paranamer-2.3.jar:/opt/hadoop/2.6.0/share/hadoop/mapreduce/lib/hamcrest-core-1.3.jar:/opt/hadoop/2.6.0/share/hadoop/mapreduce/lib/leveldbjni-all-1.8.jar:/opt/hadoop/2.6.0/share/hadoop/mapreduce/lib/junit-4.11.jar:/opt/hadoop/2.6.0/share/hadoop/mapreduce/hadoop-mapreduce-client-jobclient-2.6.0.jar:/opt/hadoop/2.6.0/share/hadoop/mapreduce/hadoop-mapreduce-client-hs-plugins-2.6.0.jar:/opt/hadoop/2.6.0/share/hadoop/mapreduce/hadoop-mapreduce-client-core-2.6.0.jar:/opt/hadoop/2.6.0/share/hadoop/mapreduce/hadoop-mapreduce-client-hs-2.6.0.jar:/opt/hadoop/2.6.0/share/hadoop/mapreduce/hadoop-mapreduce-client-common-2.6.0.jar:/opt/hadoop/2.6.0/share/hadoop/mapreduce/hadoop-mapreduce-examples-2.6.0.jar:/opt/hadoop/2.6.0/share/hadoop/mapreduce/hadoop-mapreduce-client-shuffle-2.6.0.jar:/opt/hadoop/2.6.0/share/hadoop/mapreduce/hadoop-mapreduce-client-app-2.6.0.jar:/opt/hadoop/2.6.0/share/hadoop/mapreduce/hadoop-mapreduce-client-jobclient-2.6.0-tests.jar:/opt/hadoop/2.6.0/contrib/capacity-scheduler/*.jar
STARTUP_MSG:   build = https://git-wip-us.apache.org/repos/asf/hadoop.git -r e3496499ecb8d220fba99dc5ed4c99c8f9e33bb1; compiled by 'jenkins' on 2014-11-13T21:10Z
STARTUP_MSG:   java = 1.8.0_60
************************************************************/
19/04/09 11:11:02 INFO namenode.NameNode: registered UNIX signal handlers for [TERM, HUP, INT]
19/04/09 11:11:02 INFO namenode.NameNode: createNameNode [-format]
19/04/09 11:11:02 WARN util.NativeCodeLoader: Unable to load native-hadoop library for your platform... using builtin-java classes where applicable
19/04/09 11:11:02 WARN common.Util: Path /scratch/pbarhate/22472118/namenode_data should be specified as a URI in configuration files. Please update hdfs configuration.
19/04/09 11:11:02 WARN common.Util: Path /scratch/pbarhate/22472118/namenode_data should be specified as a URI in configuration files. Please update hdfs configuration.
Formatting using clusterid: CID-d119a33d-c3c0-427f-a840-ae0df5c3b61d
19/04/09 11:11:02 INFO namenode.FSNamesystem: No KeyProvider found.
19/04/09 11:11:02 INFO namenode.FSNamesystem: fsLock is fair:true
19/04/09 11:11:02 INFO blockmanagement.DatanodeManager: dfs.block.invalidate.limit=1000
19/04/09 11:11:02 INFO blockmanagement.DatanodeManager: dfs.namenode.datanode.registration.ip-hostname-check=true
19/04/09 11:11:02 INFO blockmanagement.BlockManager: dfs.namenode.startup.delay.block.deletion.sec is set to 000:00:00:00.000
19/04/09 11:11:02 INFO blockmanagement.BlockManager: The block deletion will start around 2019 Apr 09 11:11:02
19/04/09 11:11:02 INFO util.GSet: Computing capacity for map BlocksMap
19/04/09 11:11:02 INFO util.GSet: VM type       = 64-bit
19/04/09 11:11:02 INFO util.GSet: 2.0% max memory 958.5 MB = 19.2 MB
19/04/09 11:11:02 INFO util.GSet: capacity      = 2^21 = 2097152 entries
19/04/09 11:11:02 INFO blockmanagement.BlockManager: dfs.block.access.token.enable=false
19/04/09 11:11:02 INFO blockmanagement.BlockManager: defaultReplication         = 3
19/04/09 11:11:02 INFO blockmanagement.BlockManager: maxReplication             = 512
19/04/09 11:11:02 INFO blockmanagement.BlockManager: minReplication             = 1
19/04/09 11:11:02 INFO blockmanagement.BlockManager: maxReplicationStreams      = 2
19/04/09 11:11:02 INFO blockmanagement.BlockManager: shouldCheckForEnoughRacks  = false
19/04/09 11:11:02 INFO blockmanagement.BlockManager: replicationRecheckInterval = 3000
19/04/09 11:11:02 INFO blockmanagement.BlockManager: encryptDataTransfer        = false
19/04/09 11:11:02 INFO blockmanagement.BlockManager: maxNumBlocksToLog          = 1000
19/04/09 11:11:02 INFO namenode.FSNamesystem: fsOwner             = pbarhate (auth:SIMPLE)
19/04/09 11:11:02 INFO namenode.FSNamesystem: supergroup          = supergroup
19/04/09 11:11:02 INFO namenode.FSNamesystem: isPermissionEnabled = true
19/04/09 11:11:02 INFO namenode.FSNamesystem: HA Enabled: false
19/04/09 11:11:02 INFO namenode.FSNamesystem: Append Enabled: true
19/04/09 11:11:02 INFO util.GSet: Computing capacity for map INodeMap
19/04/09 11:11:02 INFO util.GSet: VM type       = 64-bit
19/04/09 11:11:02 INFO util.GSet: 1.0% max memory 958.5 MB = 9.6 MB
19/04/09 11:11:02 INFO util.GSet: capacity      = 2^20 = 1048576 entries
19/04/09 11:11:02 INFO namenode.NameNode: Caching file names occuring more than 10 times
19/04/09 11:11:02 INFO util.GSet: Computing capacity for map cachedBlocks
19/04/09 11:11:02 INFO util.GSet: VM type       = 64-bit
19/04/09 11:11:02 INFO util.GSet: 0.25% max memory 958.5 MB = 2.4 MB
19/04/09 11:11:02 INFO util.GSet: capacity      = 2^18 = 262144 entries
19/04/09 11:11:02 INFO namenode.FSNamesystem: dfs.namenode.safemode.threshold-pct = 0.9990000128746033
19/04/09 11:11:02 INFO namenode.FSNamesystem: dfs.namenode.safemode.min.datanodes = 0
19/04/09 11:11:02 INFO namenode.FSNamesystem: dfs.namenode.safemode.extension     = 30000
19/04/09 11:11:02 INFO namenode.FSNamesystem: Retry cache on namenode is enabled
19/04/09 11:11:02 INFO namenode.FSNamesystem: Retry cache will use 0.03 of total heap and retry cache entry expiry time is 600000 millis
19/04/09 11:11:02 INFO util.GSet: Computing capacity for map NameNodeRetryCache
19/04/09 11:11:02 INFO util.GSet: VM type       = 64-bit
19/04/09 11:11:02 INFO util.GSet: 0.029999999329447746% max memory 958.5 MB = 294.5 KB
19/04/09 11:11:02 INFO util.GSet: capacity      = 2^15 = 32768 entries
19/04/09 11:11:02 INFO namenode.NNConf: ACLs enabled? false
19/04/09 11:11:02 INFO namenode.NNConf: XAttrs enabled? true
19/04/09 11:11:02 INFO namenode.NNConf: Maximum size of an xattr: 16384
19/04/09 11:11:02 INFO namenode.FSImage: Allocated new BlockPoolId: BP-173393941-198.202.119.125-1554833462622
19/04/09 11:11:02 INFO common.Storage: Storage directory /scratch/pbarhate/22472118/namenode_data has been successfully formatted.
19/04/09 11:11:02 INFO namenode.NNStorageRetentionManager: Going to retain 1 images with txid >= 0
19/04/09 11:11:02 INFO util.ExitUtil: Exiting with status 0
19/04/09 11:11:02 INFO namenode.NameNode: SHUTDOWN_MSG: 
/************************************************************
SHUTDOWN_MSG: Shutting down NameNode at comet-22-28.sdsc.edu/198.202.119.125
************************************************************/
19/04/09 11:11:03 WARN util.NativeCodeLoader: Unable to load native-hadoop library for your platform... using builtin-java classes where applicable
Starting namenodes on [comet-22-28.ibnet]
comet-22-28.ibnet: starting namenode, logging to /scratch/pbarhate/22472118/logs/hadoop-pbarhate-namenode-comet-22-28.sdsc.edu.out
comet-22-28.ibnet: starting datanode, logging to /scratch/pbarhate/22472118/logs/hadoop-pbarhate-datanode-comet-22-28.sdsc.edu.out
comet-22-70.ibnet: starting datanode, logging to /scratch/pbarhate/22472118/logs/hadoop-pbarhate-datanode-comet-22-70.sdsc.edu.out
comet-22-45.ibnet: starting datanode, logging to /scratch/pbarhate/22472118/logs/hadoop-pbarhate-datanode-comet-22-45.sdsc.edu.out
Starting secondary namenodes [comet-22-28.ibnet]
comet-22-28.ibnet: starting secondarynamenode, logging to /scratch/pbarhate/22472118/logs/hadoop-pbarhate-secondarynamenode-comet-22-28.sdsc.edu.out
19/04/09 11:11:18 WARN util.NativeCodeLoader: Unable to load native-hadoop library for your platform... using builtin-java classes where applicable
starting yarn daemons
starting resourcemanager, logging to /scratch/pbarhate/22472118/logs/yarn-pbarhate-resourcemanager-comet-22-28.out
comet-22-28.ibnet: starting nodemanager, logging to /scratch/pbarhate/22472118/logs/yarn-pbarhate-nodemanager-comet-22-28.sdsc.edu.out
comet-22-70.ibnet: starting nodemanager, logging to /scratch/pbarhate/22472118/logs/yarn-pbarhate-nodemanager-comet-22-70.sdsc.edu.out
comet-22-45.ibnet: starting nodemanager, logging to /scratch/pbarhate/22472118/logs/yarn-pbarhate-nodemanager-comet-22-45.sdsc.edu.out
chown: changing ownership of `/tmp': Operation not permitted
starting historyserver, logging to /tmp/mapred-pbarhate-historyserver-comet-22-28.out
19/04/09 11:11:22 WARN util.NativeCodeLoader: Unable to load native-hadoop library for your platform... using builtin-java classes where applicable
19/04/09 11:11:23 WARN util.NativeCodeLoader: Unable to load native-hadoop library for your platform... using builtin-java classes where applicable
19/04/09 11:11:33 INFO pig.ExecTypeProvider: Trying ExecType : LOCAL
19/04/09 11:11:33 INFO pig.ExecTypeProvider: Trying ExecType : MAPREDUCE
19/04/09 11:11:33 INFO pig.ExecTypeProvider: Picked MAPREDUCE as the ExecType
2019-04-09 11:11:33,638 [main] INFO  org.apache.pig.Main - Apache Pig version 0.16.0 (r1746530) compiled Jun 01 2016, 23:10:49
2019-04-09 11:11:33,638 [main] INFO  org.apache.pig.Main - Logging error messages to: /home/pbarhate/project6/pig_1554833493636.log
2019-04-09 11:11:33,859 [main] WARN  org.apache.hadoop.util.NativeCodeLoader - Unable to load native-hadoop library for your platform... using builtin-java classes where applicable
2019-04-09 11:11:33,951 [main] INFO  org.apache.pig.impl.util.Utils - Default bootup file /home/pbarhate/.pigbootup not found
2019-04-09 11:11:34,026 [main] INFO  org.apache.hadoop.conf.Configuration.deprecation - mapred.job.tracker is deprecated. Instead, use mapreduce.jobtracker.address
2019-04-09 11:11:34,026 [main] INFO  org.apache.hadoop.conf.Configuration.deprecation - fs.default.name is deprecated. Instead, use fs.defaultFS
2019-04-09 11:11:34,026 [main] INFO  org.apache.pig.backend.hadoop.executionengine.HExecutionEngine - Connecting to hadoop file system at: hdfs://comet-22-28.ibnet:54310
2019-04-09 11:11:34,335 [main] INFO  org.apache.pig.PigServer - Pig Script ID for the session: PIG-graph.pig-1b4f8f51-8fdf-43f9-8087-7e927ee6d3fa
2019-04-09 11:11:34,335 [main] WARN  org.apache.pig.PigServer - ATS is disabled since yarn.timeline-service.enabled set to false
2019-04-09 11:11:34,820 [main] INFO  org.apache.hadoop.conf.Configuration.deprecation - fs.default.name is deprecated. Instead, use fs.defaultFS
2019-04-09 11:11:34,900 [main] INFO  org.apache.hadoop.conf.Configuration.deprecation - fs.default.name is deprecated. Instead, use fs.defaultFS
2019-04-09 11:11:34,920 [main] INFO  org.apache.hadoop.conf.Configuration.deprecation - mapred.textoutputformat.separator is deprecated. Instead, use mapreduce.output.textoutputformat.separator
2019-04-09 11:11:34,934 [main] INFO  org.apache.pig.tools.pigstats.ScriptState - Pig features used in the script: GROUP_BY
2019-04-09 11:11:34,953 [main] INFO  org.apache.hadoop.conf.Configuration.deprecation - fs.default.name is deprecated. Instead, use fs.defaultFS
2019-04-09 11:11:34,955 [main] INFO  org.apache.pig.data.SchemaTupleBackend - Key [pig.schematuple] was not set... will not generate code.
2019-04-09 11:11:34,974 [main] INFO  org.apache.pig.newplan.logical.optimizer.LogicalPlanOptimizer - {RULES_ENABLED=[AddForEach, ColumnMapKeyPrune, ConstantCalculator, GroupByConstParallelSetter, LimitOptimizer, LoadTypeCastInserter, MergeFilter, MergeForEach, PartitionFilterOptimizer, PredicatePushdownOptimizer, PushDownForEachFlatten, PushUpFilter, SplitFilter, StreamTypeCastInserter]}
2019-04-09 11:11:35,014 [main] INFO  org.apache.pig.impl.util.SpillableMemoryManager - Selected heap (PS Old Gen) of size 699400192 to monitor. collectionUsageThreshold = 489580128, usageThreshold = 489580128
2019-04-09 11:11:35,048 [main] INFO  org.apache.pig.backend.hadoop.executionengine.mapReduceLayer.MRCompiler - File concatenation threshold: 100 optimistic? false
2019-04-09 11:11:35,068 [main] INFO  org.apache.pig.backend.hadoop.executionengine.util.CombinerOptimizerUtil - Choosing to move algebraic foreach to combiner
2019-04-09 11:11:35,072 [main] INFO  org.apache.pig.backend.hadoop.executionengine.util.CombinerOptimizerUtil - Choosing to move algebraic foreach to combiner
2019-04-09 11:11:35,085 [main] INFO  org.apache.pig.backend.hadoop.executionengine.mapReduceLayer.MultiQueryOptimizer - MR plan size before optimization: 2
2019-04-09 11:11:35,085 [main] INFO  org.apache.pig.backend.hadoop.executionengine.mapReduceLayer.MultiQueryOptimizer - MR plan size after optimization: 2
2019-04-09 11:11:35,101 [main] INFO  org.apache.hadoop.conf.Configuration.deprecation - fs.default.name is deprecated. Instead, use fs.defaultFS
2019-04-09 11:11:35,117 [main] INFO  org.apache.hadoop.yarn.client.RMProxy - Connecting to ResourceManager at comet-22-28.ibnet/10.22.250.67:8032
2019-04-09 11:11:35,245 [main] INFO  org.apache.pig.tools.pigstats.mapreduce.MRScriptState - Pig script settings are added to the job
2019-04-09 11:11:35,249 [main] INFO  org.apache.hadoop.conf.Configuration.deprecation - mapred.job.reduce.markreset.buffer.percent is deprecated. Instead, use mapreduce.reduce.markreset.buffer.percent
2019-04-09 11:11:35,249 [main] INFO  org.apache.pig.backend.hadoop.executionengine.mapReduceLayer.JobControlCompiler - mapred.job.reduce.markreset.buffer.percent is not set, set to default 0.3
2019-04-09 11:11:35,249 [main] INFO  org.apache.hadoop.conf.Configuration.deprecation - mapred.output.compress is deprecated. Instead, use mapreduce.output.fileoutputformat.compress
2019-04-09 11:11:35,250 [main] INFO  org.apache.pig.backend.hadoop.executionengine.mapReduceLayer.JobControlCompiler - Reduce phase detected, estimating # of required reducers.
2019-04-09 11:11:35,251 [main] INFO  org.apache.pig.backend.hadoop.executionengine.mapReduceLayer.JobControlCompiler - Using reducer estimator: org.apache.pig.backend.hadoop.executionengine.mapReduceLayer.InputSizeReducerEstimator
2019-04-09 11:11:35,255 [main] INFO  org.apache.pig.backend.hadoop.executionengine.mapReduceLayer.InputSizeReducerEstimator - BytesPerReducer=1000000000 maxReducers=999 totalInputFileSize=140791854
2019-04-09 11:11:35,256 [main] INFO  org.apache.pig.backend.hadoop.executionengine.mapReduceLayer.JobControlCompiler - Setting Parallelism to 1
2019-04-09 11:11:35,256 [main] INFO  org.apache.hadoop.conf.Configuration.deprecation - mapred.reduce.tasks is deprecated. Instead, use mapreduce.job.reduces
2019-04-09 11:11:35,256 [main] INFO  org.apache.pig.backend.hadoop.executionengine.mapReduceLayer.JobControlCompiler - This job cannot be converted run in-process
2019-04-09 11:11:35,265 [main] INFO  org.apache.hadoop.conf.Configuration.deprecation - mapred.submit.replication is deprecated. Instead, use mapreduce.client.submit.file.replication
2019-04-09 11:11:35,503 [main] INFO  org.apache.pig.backend.hadoop.executionengine.mapReduceLayer.JobControlCompiler - Added jar file:/oasis/projects/nsf/uot143/fegaras/pig-0.16.0/pig-0.16.0-core-h2.jar to DistributedCache through /tmp/temp-1048409309/tmp-299387888/pig-0.16.0-core-h2.jar
2019-04-09 11:11:35,525 [main] INFO  org.apache.pig.backend.hadoop.executionengine.mapReduceLayer.JobControlCompiler - Added jar file:/oasis/projects/nsf/uot143/fegaras/pig-0.16.0/lib/automaton-1.11-8.jar to DistributedCache through /tmp/temp-1048409309/tmp352237735/automaton-1.11-8.jar
2019-04-09 11:11:35,542 [main] INFO  org.apache.pig.backend.hadoop.executionengine.mapReduceLayer.JobControlCompiler - Added jar file:/oasis/projects/nsf/uot143/fegaras/pig-0.16.0/lib/antlr-runtime-3.4.jar to DistributedCache through /tmp/temp-1048409309/tmp-384024524/antlr-runtime-3.4.jar
2019-04-09 11:11:35,565 [main] INFO  org.apache.pig.backend.hadoop.executionengine.mapReduceLayer.JobControlCompiler - Added jar file:/oasis/projects/nsf/uot143/fegaras/pig-0.16.0/lib/joda-time-2.9.3.jar to DistributedCache through /tmp/temp-1048409309/tmp897927706/joda-time-2.9.3.jar
2019-04-09 11:11:35,573 [main] INFO  org.apache.pig.backend.hadoop.executionengine.mapReduceLayer.JobControlCompiler - Setting up single store job
2019-04-09 11:11:35,577 [main] INFO  org.apache.pig.data.SchemaTupleFrontend - Key [pig.schematuple] is false, will not generate code.
2019-04-09 11:11:35,577 [main] INFO  org.apache.pig.data.SchemaTupleFrontend - Starting process to move generated code to distributed cacche
2019-04-09 11:11:35,577 [main] INFO  org.apache.pig.data.SchemaTupleFrontend - Setting key [pig.schematuple.classes] with classes to deserialize []
2019-04-09 11:11:35,627 [main] INFO  org.apache.pig.backend.hadoop.executionengine.mapReduceLayer.MapReduceLauncher - 1 map-reduce job(s) waiting for submission.
2019-04-09 11:11:35,628 [main] INFO  org.apache.hadoop.conf.Configuration.deprecation - mapred.job.tracker.http.address is deprecated. Instead, use mapreduce.jobtracker.http.address
2019-04-09 11:11:35,631 [JobControl] INFO  org.apache.hadoop.yarn.client.RMProxy - Connecting to ResourceManager at comet-22-28.ibnet/10.22.250.67:8032
2019-04-09 11:11:35,639 [JobControl] INFO  org.apache.hadoop.conf.Configuration.deprecation - mapred.task.id is deprecated. Instead, use mapreduce.task.attempt.id
2019-04-09 11:11:35,640 [JobControl] INFO  org.apache.hadoop.conf.Configuration.deprecation - fs.default.name is deprecated. Instead, use fs.defaultFS
2019-04-09 11:11:35,773 [JobControl] WARN  org.apache.hadoop.mapreduce.JobSubmitter - No job jar file set.  User classes may not be found. See Job or Job#setJar(String).
2019-04-09 11:11:35,789 [JobControl] INFO  org.apache.pig.builtin.PigStorage - Using PigTextInputFormat
2019-04-09 11:11:35,792 [JobControl] INFO  org.apache.hadoop.mapreduce.lib.input.FileInputFormat - Total input paths to process : 1
2019-04-09 11:11:35,792 [JobControl] INFO  org.apache.pig.backend.hadoop.executionengine.util.MapRedUtil - Total input paths to process : 1
2019-04-09 11:11:35,813 [JobControl] INFO  org.apache.pig.backend.hadoop.executionengine.util.MapRedUtil - Total input paths (combined) to process : 1
2019-04-09 11:11:35,849 [JobControl] INFO  org.apache.hadoop.mapreduce.JobSubmitter - number of splits:1
2019-04-09 11:11:35,928 [JobControl] INFO  org.apache.hadoop.mapreduce.JobSubmitter - Submitting tokens for job: job_1554833479764_0001
2019-04-09 11:11:36,019 [JobControl] INFO  org.apache.hadoop.mapred.YARNRunner - Job jar is not present. Not adding any jar to the list of resources.
2019-04-09 11:11:36,148 [JobControl] INFO  org.apache.hadoop.yarn.client.api.impl.YarnClientImpl - Submitted application application_1554833479764_0001
2019-04-09 11:11:36,186 [JobControl] INFO  org.apache.hadoop.mapreduce.Job - The url to track the job: http://comet-22-28.ibnet:8088/proxy/application_1554833479764_0001/
2019-04-09 11:11:36,186 [main] INFO  org.apache.pig.backend.hadoop.executionengine.mapReduceLayer.MapReduceLauncher - HadoopJobId: job_1554833479764_0001
2019-04-09 11:11:36,187 [main] INFO  org.apache.pig.backend.hadoop.executionengine.mapReduceLayer.MapReduceLauncher - Processing aliases graph1,graph1_grouped,graph2
2019-04-09 11:11:36,187 [main] INFO  org.apache.pig.backend.hadoop.executionengine.mapReduceLayer.MapReduceLauncher - detailed locations: M: graph1[1,9],graph1[-1,-1],graph2[-1,-1],graph1_grouped[2,17] C: graph2[-1,-1],graph1_grouped[2,17] R: graph2[-1,-1]
2019-04-09 11:11:36,193 [main] INFO  org.apache.pig.backend.hadoop.executionengine.mapReduceLayer.MapReduceLauncher - 0% complete
2019-04-09 11:11:36,193 [main] INFO  org.apache.pig.backend.hadoop.executionengine.mapReduceLayer.MapReduceLauncher - Running jobs are [job_1554833479764_0001]
2019-04-09 11:11:53,230 [main] INFO  org.apache.pig.backend.hadoop.executionengine.mapReduceLayer.MapReduceLauncher - 4% complete
2019-04-09 11:11:53,230 [main] INFO  org.apache.pig.backend.hadoop.executionengine.mapReduceLayer.MapReduceLauncher - Running jobs are [job_1554833479764_0001]
2019-04-09 11:12:05,239 [main] INFO  org.apache.pig.backend.hadoop.executionengine.mapReduceLayer.MapReduceLauncher - 8% complete
2019-04-09 11:12:05,240 [main] INFO  org.apache.pig.backend.hadoop.executionengine.mapReduceLayer.MapReduceLauncher - Running jobs are [job_1554833479764_0001]
2019-04-09 11:12:16,247 [main] INFO  org.apache.pig.backend.hadoop.executionengine.mapReduceLayer.MapReduceLauncher - 14% complete
2019-04-09 11:12:16,247 [main] INFO  org.apache.pig.backend.hadoop.executionengine.mapReduceLayer.MapReduceLauncher - Running jobs are [job_1554833479764_0001]
2019-04-09 11:12:28,255 [main] INFO  org.apache.pig.backend.hadoop.executionengine.mapReduceLayer.MapReduceLauncher - 23% complete
2019-04-09 11:12:28,255 [main] INFO  org.apache.pig.backend.hadoop.executionengine.mapReduceLayer.MapReduceLauncher - Running jobs are [job_1554833479764_0001]
2019-04-09 11:12:35,261 [main] INFO  org.apache.pig.backend.hadoop.executionengine.mapReduceLayer.MapReduceLauncher - 50% complete
2019-04-09 11:12:35,261 [main] INFO  org.apache.pig.backend.hadoop.executionengine.mapReduceLayer.MapReduceLauncher - Running jobs are [job_1554833479764_0001]
2019-04-09 11:12:36,264 [main] INFO  org.apache.hadoop.yarn.client.RMProxy - Connecting to ResourceManager at comet-22-28.ibnet/10.22.250.67:8032
2019-04-09 11:12:36,269 [main] INFO  org.apache.hadoop.mapred.ClientServiceDelegate - Application state is completed. FinalApplicationStatus=SUCCEEDED. Redirecting to job history server
2019-04-09 11:12:36,815 [main] INFO  org.apache.hadoop.yarn.client.RMProxy - Connecting to ResourceManager at comet-22-28.ibnet/10.22.250.67:8032
2019-04-09 11:12:36,819 [main] INFO  org.apache.hadoop.mapred.ClientServiceDelegate - Application state is completed. FinalApplicationStatus=SUCCEEDED. Redirecting to job history server
2019-04-09 11:12:36,860 [main] INFO  org.apache.hadoop.yarn.client.RMProxy - Connecting to ResourceManager at comet-22-28.ibnet/10.22.250.67:8032
2019-04-09 11:12:36,863 [main] INFO  org.apache.hadoop.mapred.ClientServiceDelegate - Application state is completed. FinalApplicationStatus=SUCCEEDED. Redirecting to job history server
2019-04-09 11:12:36,913 [main] INFO  org.apache.pig.tools.pigstats.mapreduce.MRScriptState - Pig script settings are added to the job
2019-04-09 11:12:36,914 [main] INFO  org.apache.pig.backend.hadoop.executionengine.mapReduceLayer.JobControlCompiler - mapred.job.reduce.markreset.buffer.percent is not set, set to default 0.3
2019-04-09 11:12:36,914 [main] INFO  org.apache.pig.backend.hadoop.executionengine.mapReduceLayer.JobControlCompiler - Reduce phase detected, estimating # of required reducers.
2019-04-09 11:12:36,914 [main] INFO  org.apache.pig.backend.hadoop.executionengine.mapReduceLayer.JobControlCompiler - Using reducer estimator: org.apache.pig.backend.hadoop.executionengine.mapReduceLayer.InputSizeReducerEstimator
2019-04-09 11:12:36,950 [main] INFO  org.apache.pig.backend.hadoop.executionengine.mapReduceLayer.InputSizeReducerEstimator - BytesPerReducer=1000000000 maxReducers=999 totalInputFileSize=5708598
2019-04-09 11:12:36,950 [main] INFO  org.apache.pig.backend.hadoop.executionengine.mapReduceLayer.JobControlCompiler - Setting Parallelism to 1
2019-04-09 11:12:36,950 [main] INFO  org.apache.pig.backend.hadoop.executionengine.mapReduceLayer.JobControlCompiler - This job cannot be converted run in-process
2019-04-09 11:12:37,037 [main] INFO  org.apache.pig.backend.hadoop.executionengine.mapReduceLayer.JobControlCompiler - Added jar file:/oasis/projects/nsf/uot143/fegaras/pig-0.16.0/pig-0.16.0-core-h2.jar to DistributedCache through /tmp/temp-1048409309/tmp593153534/pig-0.16.0-core-h2.jar
2019-04-09 11:12:37,053 [main] INFO  org.apache.pig.backend.hadoop.executionengine.mapReduceLayer.JobControlCompiler - Added jar file:/oasis/projects/nsf/uot143/fegaras/pig-0.16.0/lib/automaton-1.11-8.jar to DistributedCache through /tmp/temp-1048409309/tmp1405198759/automaton-1.11-8.jar
2019-04-09 11:12:37,069 [main] INFO  org.apache.pig.backend.hadoop.executionengine.mapReduceLayer.JobControlCompiler - Added jar file:/oasis/projects/nsf/uot143/fegaras/pig-0.16.0/lib/antlr-runtime-3.4.jar to DistributedCache through /tmp/temp-1048409309/tmp1280139126/antlr-runtime-3.4.jar
2019-04-09 11:12:37,086 [main] INFO  org.apache.pig.backend.hadoop.executionengine.mapReduceLayer.JobControlCompiler - Added jar file:/oasis/projects/nsf/uot143/fegaras/pig-0.16.0/lib/joda-time-2.9.3.jar to DistributedCache through /tmp/temp-1048409309/tmp-893139356/joda-time-2.9.3.jar
2019-04-09 11:12:37,087 [main] INFO  org.apache.pig.backend.hadoop.executionengine.mapReduceLayer.JobControlCompiler - Setting up single store job
2019-04-09 11:12:37,088 [main] INFO  org.apache.pig.data.SchemaTupleFrontend - Key [pig.schematuple] is false, will not generate code.
2019-04-09 11:12:37,089 [main] INFO  org.apache.pig.data.SchemaTupleFrontend - Starting process to move generated code to distributed cacche
2019-04-09 11:12:37,089 [main] INFO  org.apache.pig.data.SchemaTupleFrontend - Setting key [pig.schematuple.classes] with classes to deserialize []
2019-04-09 11:12:37,102 [main] INFO  org.apache.pig.backend.hadoop.executionengine.mapReduceLayer.MapReduceLauncher - 1 map-reduce job(s) waiting for submission.
2019-04-09 11:12:37,103 [JobControl] INFO  org.apache.hadoop.yarn.client.RMProxy - Connecting to ResourceManager at comet-22-28.ibnet/10.22.250.67:8032
2019-04-09 11:12:37,108 [JobControl] INFO  org.apache.hadoop.conf.Configuration.deprecation - fs.default.name is deprecated. Instead, use fs.defaultFS
2019-04-09 11:12:37,114 [JobControl] WARN  org.apache.hadoop.mapreduce.JobSubmitter - No job jar file set.  User classes may not be found. See Job or Job#setJar(String).
2019-04-09 11:12:37,125 [JobControl] INFO  org.apache.hadoop.mapreduce.lib.input.FileInputFormat - Total input paths to process : 1
2019-04-09 11:12:37,125 [JobControl] INFO  org.apache.pig.backend.hadoop.executionengine.util.MapRedUtil - Total input paths to process : 1
2019-04-09 11:12:37,126 [JobControl] INFO  org.apache.pig.backend.hadoop.executionengine.util.MapRedUtil - Total input paths (combined) to process : 1
2019-04-09 11:12:37,151 [JobControl] INFO  org.apache.hadoop.mapreduce.JobSubmitter - number of splits:1
2019-04-09 11:12:37,169 [JobControl] INFO  org.apache.hadoop.mapreduce.JobSubmitter - Submitting tokens for job: job_1554833479764_0002
2019-04-09 11:12:37,171 [JobControl] INFO  org.apache.hadoop.mapred.YARNRunner - Job jar is not present. Not adding any jar to the list of resources.
2019-04-09 11:12:37,183 [JobControl] INFO  org.apache.hadoop.yarn.client.api.impl.YarnClientImpl - Submitted application application_1554833479764_0002
2019-04-09 11:12:37,184 [JobControl] INFO  org.apache.hadoop.mapreduce.Job - The url to track the job: http://comet-22-28.ibnet:8088/proxy/application_1554833479764_0002/
2019-04-09 11:12:37,602 [main] INFO  org.apache.pig.backend.hadoop.executionengine.mapReduceLayer.MapReduceLauncher - HadoopJobId: job_1554833479764_0002
2019-04-09 11:12:37,602 [main] INFO  org.apache.pig.backend.hadoop.executionengine.mapReduceLayer.MapReduceLauncher - Processing aliases graph2_grouped,graph2_stage
2019-04-09 11:12:37,602 [main] INFO  org.apache.pig.backend.hadoop.executionengine.mapReduceLayer.MapReduceLauncher - detailed locations: M: graph2_stage[6,15],graph2_grouped[5,17] C: graph2_stage[6,15],graph2_grouped[5,17] R: graph2_stage[6,15]
2019-04-09 11:12:46,644 [main] INFO  org.apache.pig.backend.hadoop.executionengine.mapReduceLayer.MapReduceLauncher - 75% complete
2019-04-09 11:12:46,644 [main] INFO  org.apache.pig.backend.hadoop.executionengine.mapReduceLayer.MapReduceLauncher - Running jobs are [job_1554833479764_0002]
2019-04-09 11:12:52,148 [main] INFO  org.apache.pig.backend.hadoop.executionengine.mapReduceLayer.MapReduceLauncher - Running jobs are [job_1554833479764_0002]
2019-04-09 11:12:52,650 [main] INFO  org.apache.hadoop.yarn.client.RMProxy - Connecting to ResourceManager at comet-22-28.ibnet/10.22.250.67:8032
2019-04-09 11:12:52,654 [main] INFO  org.apache.hadoop.mapred.ClientServiceDelegate - Application state is completed. FinalApplicationStatus=SUCCEEDED. Redirecting to job history server
2019-04-09 11:12:52,830 [main] INFO  org.apache.hadoop.yarn.client.RMProxy - Connecting to ResourceManager at comet-22-28.ibnet/10.22.250.67:8032
2019-04-09 11:12:52,833 [main] INFO  org.apache.hadoop.mapred.ClientServiceDelegate - Application state is completed. FinalApplicationStatus=SUCCEEDED. Redirecting to job history server
2019-04-09 11:12:52,854 [main] INFO  org.apache.hadoop.yarn.client.RMProxy - Connecting to ResourceManager at comet-22-28.ibnet/10.22.250.67:8032
2019-04-09 11:12:52,856 [main] INFO  org.apache.hadoop.mapred.ClientServiceDelegate - Application state is completed. FinalApplicationStatus=SUCCEEDED. Redirecting to job history server
2019-04-09 11:12:52,875 [main] INFO  org.apache.pig.backend.hadoop.executionengine.mapReduceLayer.MapReduceLauncher - 100% complete
2019-04-09 11:12:52,883 [main] INFO  org.apache.pig.tools.pigstats.mapreduce.SimplePigStats - Script Statistics: 

HadoopVersion	PigVersion	UserId	StartedAt	FinishedAt	Features
2.6.0	0.16.0	pbarhate	2019-04-09 11:11:35	2019-04-09 11:12:52	GROUP_BY

Success!

Job Stats (time in seconds):
JobId	Maps	Reduces	MaxMapTime	MinMapTime	AvgMapTime	MedianMapTime	MaxReduceTime	MinReduceTime	AvgReduceTime	MedianReducetime	Alias	Feature	Outputs
job_1554833479764_0001	1	1	45	45	45	45	3	3	3	3	graph1,graph1_grouped,graph2	GROUP_BY,COMBINER	
job_1554833479764_0002	1	1	3	3	3	3	2	2	2	2	graph2_grouped,graph2_stage	GROUP_BY,COMBINER	/user/pbarhate/output,

Input(s):
Successfully read 10000000 records (140792241 bytes) from: "/user/pbarhate/large-graph.txt"

Output(s):
Successfully stored 291 records (2017 bytes) in: "/user/pbarhate/output"

Counters:
Total records written : 291
Total bytes written : 2017
Spillable Memory Manager spill count : 0
Total bags proactively spilled: 0
Total records proactively spilled: 0

Job DAG:
job_1554833479764_0001	->	job_1554833479764_0002,
job_1554833479764_0002


2019-04-09 11:12:52,884 [main] INFO  org.apache.hadoop.yarn.client.RMProxy - Connecting to ResourceManager at comet-22-28.ibnet/10.22.250.67:8032
2019-04-09 11:12:52,886 [main] INFO  org.apache.hadoop.mapred.ClientServiceDelegate - Application state is completed. FinalApplicationStatus=SUCCEEDED. Redirecting to job history server
2019-04-09 11:12:52,907 [main] INFO  org.apache.hadoop.yarn.client.RMProxy - Connecting to ResourceManager at comet-22-28.ibnet/10.22.250.67:8032
2019-04-09 11:12:52,909 [main] INFO  org.apache.hadoop.mapred.ClientServiceDelegate - Application state is completed. FinalApplicationStatus=SUCCEEDED. Redirecting to job history server
2019-04-09 11:12:52,929 [main] INFO  org.apache.hadoop.yarn.client.RMProxy - Connecting to ResourceManager at comet-22-28.ibnet/10.22.250.67:8032
2019-04-09 11:12:52,931 [main] INFO  org.apache.hadoop.mapred.ClientServiceDelegate - Application state is completed. FinalApplicationStatus=SUCCEEDED. Redirecting to job history server
2019-04-09 11:12:52,953 [main] INFO  org.apache.hadoop.yarn.client.RMProxy - Connecting to ResourceManager at comet-22-28.ibnet/10.22.250.67:8032
2019-04-09 11:12:52,955 [main] INFO  org.apache.hadoop.mapred.ClientServiceDelegate - Application state is completed. FinalApplicationStatus=SUCCEEDED. Redirecting to job history server
2019-04-09 11:12:52,975 [main] INFO  org.apache.hadoop.yarn.client.RMProxy - Connecting to ResourceManager at comet-22-28.ibnet/10.22.250.67:8032
2019-04-09 11:12:52,977 [main] INFO  org.apache.hadoop.mapred.ClientServiceDelegate - Application state is completed. FinalApplicationStatus=SUCCEEDED. Redirecting to job history server
2019-04-09 11:12:52,996 [main] INFO  org.apache.hadoop.yarn.client.RMProxy - Connecting to ResourceManager at comet-22-28.ibnet/10.22.250.67:8032
2019-04-09 11:12:52,999 [main] INFO  org.apache.hadoop.mapred.ClientServiceDelegate - Application state is completed. FinalApplicationStatus=SUCCEEDED. Redirecting to job history server
2019-04-09 11:12:53,018 [main] INFO  org.apache.pig.backend.hadoop.executionengine.mapReduceLayer.MapReduceLauncher - Success!
2019-04-09 11:12:53,035 [main] INFO  org.apache.pig.Main - Pig script completed in 1 minute, 19 seconds and 531 milliseconds (79531 ms)
19/04/09 11:12:53 WARN util.NativeCodeLoader: Unable to load native-hadoop library for your platform... using builtin-java classes where applicable
chown: changing ownership of `/tmp': Operation not permitted
stopping historyserver
stopping yarn daemons
stopping resourcemanager
comet-22-28.ibnet: stopping nodemanager
comet-22-28.ibnet: nodemanager did not stop gracefully after 5 seconds: killing with kill -9
comet-22-70.ibnet: stopping nodemanager
comet-22-70.ibnet: nodemanager did not stop gracefully after 5 seconds: killing with kill -9
comet-22-45.ibnet: stopping nodemanager
no proxyserver to stop
19/04/09 11:13:10 WARN util.NativeCodeLoader: Unable to load native-hadoop library for your platform... using builtin-java classes where applicable
Stopping namenodes on [comet-22-28.ibnet]
comet-22-28.ibnet: stopping namenode
comet-22-70.ibnet: stopping datanode
comet-22-28.ibnet: stopping datanode
comet-22-45.ibnet: stopping datanode
Stopping secondary namenodes [comet-22-28.ibnet]
comet-22-28.ibnet: stopping secondarynamenode
19/04/09 11:13:28 WARN util.NativeCodeLoader: Unable to load native-hadoop library for your platform... using builtin-java classes where applicable
Copying Hadoop logs back to /home/pbarhate/cometcluster/logs...
`/scratch/pbarhate/22472118/logs' -> `/home/pbarhate/cometcluster/logs'
`/scratch/pbarhate/22472118/logs/yarn-pbarhate-resourcemanager-comet-22-28.log' -> `/home/pbarhate/cometcluster/logs/yarn-pbarhate-resourcemanager-comet-22-28.log'
`/scratch/pbarhate/22472118/logs/hadoop-pbarhate-namenode-comet-22-28.sdsc.edu.out' -> `/home/pbarhate/cometcluster/logs/hadoop-pbarhate-namenode-comet-22-28.sdsc.edu.out'
`/scratch/pbarhate/22472118/logs/hadoop-pbarhate-datanode-comet-22-28.sdsc.edu.out' -> `/home/pbarhate/cometcluster/logs/hadoop-pbarhate-datanode-comet-22-28.sdsc.edu.out'
`/scratch/pbarhate/22472118/logs/userlogs' -> `/home/pbarhate/cometcluster/logs/userlogs'
`/scratch/pbarhate/22472118/logs/userlogs/application_1554833479764_0002' -> `/home/pbarhate/cometcluster/logs/userlogs/application_1554833479764_0002'
`/scratch/pbarhate/22472118/logs/userlogs/application_1554833479764_0002/container_1554833479764_0002_01_000002' -> `/home/pbarhate/cometcluster/logs/userlogs/application_1554833479764_0002/container_1554833479764_0002_01_000002'
`/scratch/pbarhate/22472118/logs/userlogs/application_1554833479764_0002/container_1554833479764_0002_01_000002/stdout' -> `/home/pbarhate/cometcluster/logs/userlogs/application_1554833479764_0002/container_1554833479764_0002_01_000002/stdout'
`/scratch/pbarhate/22472118/logs/userlogs/application_1554833479764_0002/container_1554833479764_0002_01_000002/syslog' -> `/home/pbarhate/cometcluster/logs/userlogs/application_1554833479764_0002/container_1554833479764_0002_01_000002/syslog'
`/scratch/pbarhate/22472118/logs/userlogs/application_1554833479764_0002/container_1554833479764_0002_01_000002/stderr' -> `/home/pbarhate/cometcluster/logs/userlogs/application_1554833479764_0002/container_1554833479764_0002_01_000002/stderr'
`/scratch/pbarhate/22472118/logs/userlogs/application_1554833479764_0002/container_1554833479764_0002_01_000001' -> `/home/pbarhate/cometcluster/logs/userlogs/application_1554833479764_0002/container_1554833479764_0002_01_000001'
`/scratch/pbarhate/22472118/logs/userlogs/application_1554833479764_0002/container_1554833479764_0002_01_000001/syslog' -> `/home/pbarhate/cometcluster/logs/userlogs/application_1554833479764_0002/container_1554833479764_0002_01_000001/syslog'
`/scratch/pbarhate/22472118/logs/userlogs/application_1554833479764_0002/container_1554833479764_0002_01_000001/stdout' -> `/home/pbarhate/cometcluster/logs/userlogs/application_1554833479764_0002/container_1554833479764_0002_01_000001/stdout'
`/scratch/pbarhate/22472118/logs/userlogs/application_1554833479764_0002/container_1554833479764_0002_01_000001/stderr' -> `/home/pbarhate/cometcluster/logs/userlogs/application_1554833479764_0002/container_1554833479764_0002_01_000001/stderr'
`/scratch/pbarhate/22472118/logs/userlogs/application_1554833479764_0001' -> `/home/pbarhate/cometcluster/logs/userlogs/application_1554833479764_0001'
`/scratch/pbarhate/22472118/logs/userlogs/application_1554833479764_0001/container_1554833479764_0001_01_000003' -> `/home/pbarhate/cometcluster/logs/userlogs/application_1554833479764_0001/container_1554833479764_0001_01_000003'
`/scratch/pbarhate/22472118/logs/userlogs/application_1554833479764_0001/container_1554833479764_0001_01_000003/stdout' -> `/home/pbarhate/cometcluster/logs/userlogs/application_1554833479764_0001/container_1554833479764_0001_01_000003/stdout'
`/scratch/pbarhate/22472118/logs/userlogs/application_1554833479764_0001/container_1554833479764_0001_01_000003/syslog' -> `/home/pbarhate/cometcluster/logs/userlogs/application_1554833479764_0001/container_1554833479764_0001_01_000003/syslog'
`/scratch/pbarhate/22472118/logs/userlogs/application_1554833479764_0001/container_1554833479764_0001_01_000003/stderr' -> `/home/pbarhate/cometcluster/logs/userlogs/application_1554833479764_0001/container_1554833479764_0001_01_000003/stderr'
`/scratch/pbarhate/22472118/logs/userlogs/application_1554833479764_0001/container_1554833479764_0001_01_000001' -> `/home/pbarhate/cometcluster/logs/userlogs/application_1554833479764_0001/container_1554833479764_0001_01_000001'
`/scratch/pbarhate/22472118/logs/userlogs/application_1554833479764_0001/container_1554833479764_0001_01_000001/stderr' -> `/home/pbarhate/cometcluster/logs/userlogs/application_1554833479764_0001/container_1554833479764_0001_01_000001/stderr'
`/scratch/pbarhate/22472118/logs/userlogs/application_1554833479764_0001/container_1554833479764_0001_01_000001/syslog' -> `/home/pbarhate/cometcluster/logs/userlogs/application_1554833479764_0001/container_1554833479764_0001_01_000001/syslog'
`/scratch/pbarhate/22472118/logs/userlogs/application_1554833479764_0001/container_1554833479764_0001_01_000001/stdout' -> `/home/pbarhate/cometcluster/logs/userlogs/application_1554833479764_0001/container_1554833479764_0001_01_000001/stdout'
`/scratch/pbarhate/22472118/logs/yarn-pbarhate-nodemanager-comet-22-28.sdsc.edu.out' -> `/home/pbarhate/cometcluster/logs/yarn-pbarhate-nodemanager-comet-22-28.sdsc.edu.out'
`/scratch/pbarhate/22472118/logs/hadoop-pbarhate-secondarynamenode-comet-22-28.sdsc.edu.out' -> `/home/pbarhate/cometcluster/logs/hadoop-pbarhate-secondarynamenode-comet-22-28.sdsc.edu.out'
`/scratch/pbarhate/22472118/logs/yarn-pbarhate-nodemanager-comet-22-28.sdsc.edu.log' -> `/home/pbarhate/cometcluster/logs/yarn-pbarhate-nodemanager-comet-22-28.sdsc.edu.log'
`/scratch/pbarhate/22472118/logs/hadoop-pbarhate-secondarynamenode-comet-22-28.sdsc.edu.log' -> `/home/pbarhate/cometcluster/logs/hadoop-pbarhate-secondarynamenode-comet-22-28.sdsc.edu.log'
`/scratch/pbarhate/22472118/logs/hadoop-pbarhate-datanode-comet-22-28.sdsc.edu.log' -> `/home/pbarhate/cometcluster/logs/hadoop-pbarhate-datanode-comet-22-28.sdsc.edu.log'
`/scratch/pbarhate/22472118/logs/SecurityAuth-pbarhate.audit' -> `/home/pbarhate/cometcluster/logs/SecurityAuth-pbarhate.audit'
`/scratch/pbarhate/22472118/logs/yarn-pbarhate-resourcemanager-comet-22-28.out' -> `/home/pbarhate/cometcluster/logs/yarn-pbarhate-resourcemanager-comet-22-28.out'
`/scratch/pbarhate/22472118/logs/hadoop-pbarhate-namenode-comet-22-28.sdsc.edu.log' -> `/home/pbarhate/cometcluster/logs/hadoop-pbarhate-namenode-comet-22-28.sdsc.edu.log'
removed directory: `/scratch/pbarhate/22472118/mapred_scratch/nmPrivate'
removed directory: `/scratch/pbarhate/22472118/mapred_scratch/usercache/pbarhate/appcache'
removed `/scratch/pbarhate/22472118/mapred_scratch/usercache/pbarhate/filecache/12/.tmp_joda-time-2.9.3.jar.crc'
removed `/scratch/pbarhate/22472118/mapred_scratch/usercache/pbarhate/filecache/12/joda-time-2.9.3.jar'
removed directory: `/scratch/pbarhate/22472118/mapred_scratch/usercache/pbarhate/filecache/12'
removed `/scratch/pbarhate/22472118/mapred_scratch/usercache/pbarhate/filecache/15/.tmp_automaton-1.11-8.jar.crc'
removed `/scratch/pbarhate/22472118/mapred_scratch/usercache/pbarhate/filecache/15/automaton-1.11-8.jar'
removed directory: `/scratch/pbarhate/22472118/mapred_scratch/usercache/pbarhate/filecache/15'
removed `/scratch/pbarhate/22472118/mapred_scratch/usercache/pbarhate/filecache/11/automaton-1.11-8.jar'
removed `/scratch/pbarhate/22472118/mapred_scratch/usercache/pbarhate/filecache/11/.tmp_automaton-1.11-8.jar.crc'
removed directory: `/scratch/pbarhate/22472118/mapred_scratch/usercache/pbarhate/filecache/11'
removed `/scratch/pbarhate/22472118/mapred_scratch/usercache/pbarhate/filecache/16/.tmp_joda-time-2.9.3.jar.crc'
removed `/scratch/pbarhate/22472118/mapred_scratch/usercache/pbarhate/filecache/16/joda-time-2.9.3.jar'
removed directory: `/scratch/pbarhate/22472118/mapred_scratch/usercache/pbarhate/filecache/16'
removed `/scratch/pbarhate/22472118/mapred_scratch/usercache/pbarhate/filecache/14/.tmp_pig-0.16.0-core-h2.jar.crc'
removed `/scratch/pbarhate/22472118/mapred_scratch/usercache/pbarhate/filecache/14/pig-0.16.0-core-h2.jar'
removed directory: `/scratch/pbarhate/22472118/mapred_scratch/usercache/pbarhate/filecache/14'
removed `/scratch/pbarhate/22472118/mapred_scratch/usercache/pbarhate/filecache/13/antlr-runtime-3.4.jar'
removed `/scratch/pbarhate/22472118/mapred_scratch/usercache/pbarhate/filecache/13/.tmp_antlr-runtime-3.4.jar.crc'
removed directory: `/scratch/pbarhate/22472118/mapred_scratch/usercache/pbarhate/filecache/13'
removed `/scratch/pbarhate/22472118/mapred_scratch/usercache/pbarhate/filecache/17/.tmp_antlr-runtime-3.4.jar.crc'
removed `/scratch/pbarhate/22472118/mapred_scratch/usercache/pbarhate/filecache/17/antlr-runtime-3.4.jar'
removed directory: `/scratch/pbarhate/22472118/mapred_scratch/usercache/pbarhate/filecache/17'
removed `/scratch/pbarhate/22472118/mapred_scratch/usercache/pbarhate/filecache/10/.tmp_pig-0.16.0-core-h2.jar.crc'
removed `/scratch/pbarhate/22472118/mapred_scratch/usercache/pbarhate/filecache/10/pig-0.16.0-core-h2.jar'
removed directory: `/scratch/pbarhate/22472118/mapred_scratch/usercache/pbarhate/filecache/10'
removed directory: `/scratch/pbarhate/22472118/mapred_scratch/usercache/pbarhate/filecache'
removed directory: `/scratch/pbarhate/22472118/mapred_scratch/usercache/pbarhate'
removed directory: `/scratch/pbarhate/22472118/mapred_scratch/usercache'
removed directory: `/scratch/pbarhate/22472118/mapred_scratch/filecache'
removed directory: `/scratch/pbarhate/22472118/mapred_scratch'
removed `/scratch/pbarhate/22472118/tmp/dfs/namesecondary/current/fsimage_0000000000000000000.md5'
removed `/scratch/pbarhate/22472118/tmp/dfs/namesecondary/current/VERSION'
removed `/scratch/pbarhate/22472118/tmp/dfs/namesecondary/current/fsimage_0000000000000000000'
removed `/scratch/pbarhate/22472118/tmp/dfs/namesecondary/current/edits_0000000000000000001-0000000000000000084'
removed `/scratch/pbarhate/22472118/tmp/dfs/namesecondary/current/fsimage_0000000000000000084'
removed `/scratch/pbarhate/22472118/tmp/dfs/namesecondary/current/fsimage_0000000000000000084.md5'
removed directory: `/scratch/pbarhate/22472118/tmp/dfs/namesecondary/current'
removed directory: `/scratch/pbarhate/22472118/tmp/dfs/namesecondary'
removed directory: `/scratch/pbarhate/22472118/tmp/dfs'
removed directory: `/scratch/pbarhate/22472118/tmp'
removed `/scratch/pbarhate/22472118/namenode_data/current/VERSION'
removed `/scratch/pbarhate/22472118/namenode_data/current/fsimage_0000000000000000000.md5'
removed `/scratch/pbarhate/22472118/namenode_data/current/edits_0000000000000000001-0000000000000000084'
removed `/scratch/pbarhate/22472118/namenode_data/current/edits_inprogress_0000000000000000085'
removed `/scratch/pbarhate/22472118/namenode_data/current/seen_txid'
removed `/scratch/pbarhate/22472118/namenode_data/current/fsimage_0000000000000000084.md5'
removed `/scratch/pbarhate/22472118/namenode_data/current/fsimage_0000000000000000000'
removed `/scratch/pbarhate/22472118/namenode_data/current/fsimage_0000000000000000084'
removed directory: `/scratch/pbarhate/22472118/namenode_data/current'
removed directory: `/scratch/pbarhate/22472118/namenode_data'
removed `/scratch/pbarhate/22472118/hdfs_data/current/BP-173393941-198.202.119.125-1554833462622/dncp_block_verification.log.prev'
removed directory: `/scratch/pbarhate/22472118/hdfs_data/current/BP-173393941-198.202.119.125-1554833462622/tmp'
removed `/scratch/pbarhate/22472118/hdfs_data/current/BP-173393941-198.202.119.125-1554833462622/current/finalized/subdir0/subdir0/blk_1073741852_1028.meta'
removed `/scratch/pbarhate/22472118/hdfs_data/current/BP-173393941-198.202.119.125-1554833462622/current/finalized/subdir0/subdir0/blk_1073741825_1001.meta'
removed `/scratch/pbarhate/22472118/hdfs_data/current/BP-173393941-198.202.119.125-1554833462622/current/finalized/subdir0/subdir0/blk_1073741839'
removed `/scratch/pbarhate/22472118/hdfs_data/current/BP-173393941-198.202.119.125-1554833462622/current/finalized/subdir0/subdir0/blk_1073741849'
removed `/scratch/pbarhate/22472118/hdfs_data/current/BP-173393941-198.202.119.125-1554833462622/current/finalized/subdir0/subdir0/blk_1073741851_1027.meta'
removed `/scratch/pbarhate/22472118/hdfs_data/current/BP-173393941-198.202.119.125-1554833462622/current/finalized/subdir0/subdir0/blk_1073741825'
removed `/scratch/pbarhate/22472118/hdfs_data/current/BP-173393941-198.202.119.125-1554833462622/current/finalized/subdir0/subdir0/blk_1073741852'
removed `/scratch/pbarhate/22472118/hdfs_data/current/BP-173393941-198.202.119.125-1554833462622/current/finalized/subdir0/subdir0/blk_1073741826_1002.meta'
removed `/scratch/pbarhate/22472118/hdfs_data/current/BP-173393941-198.202.119.125-1554833462622/current/finalized/subdir0/subdir0/blk_1073741839_1015.meta'
removed `/scratch/pbarhate/22472118/hdfs_data/current/BP-173393941-198.202.119.125-1554833462622/current/finalized/subdir0/subdir0/blk_1073741851'
removed `/scratch/pbarhate/22472118/hdfs_data/current/BP-173393941-198.202.119.125-1554833462622/current/finalized/subdir0/subdir0/blk_1073741826'
removed `/scratch/pbarhate/22472118/hdfs_data/current/BP-173393941-198.202.119.125-1554833462622/current/finalized/subdir0/subdir0/blk_1073741838_1014.meta'
removed `/scratch/pbarhate/22472118/hdfs_data/current/BP-173393941-198.202.119.125-1554833462622/current/finalized/subdir0/subdir0/blk_1073741849_1025.meta'
removed `/scratch/pbarhate/22472118/hdfs_data/current/BP-173393941-198.202.119.125-1554833462622/current/finalized/subdir0/subdir0/blk_1073741838'
removed directory: `/scratch/pbarhate/22472118/hdfs_data/current/BP-173393941-198.202.119.125-1554833462622/current/finalized/subdir0/subdir0'
removed directory: `/scratch/pbarhate/22472118/hdfs_data/current/BP-173393941-198.202.119.125-1554833462622/current/finalized/subdir0'
removed directory: `/scratch/pbarhate/22472118/hdfs_data/current/BP-173393941-198.202.119.125-1554833462622/current/finalized'
removed `/scratch/pbarhate/22472118/hdfs_data/current/BP-173393941-198.202.119.125-1554833462622/current/dfsUsed'
removed `/scratch/pbarhate/22472118/hdfs_data/current/BP-173393941-198.202.119.125-1554833462622/current/VERSION'
removed directory: `/scratch/pbarhate/22472118/hdfs_data/current/BP-173393941-198.202.119.125-1554833462622/current/rbw'
removed directory: `/scratch/pbarhate/22472118/hdfs_data/current/BP-173393941-198.202.119.125-1554833462622/current'
removed `/scratch/pbarhate/22472118/hdfs_data/current/BP-173393941-198.202.119.125-1554833462622/dncp_block_verification.log.curr'
removed directory: `/scratch/pbarhate/22472118/hdfs_data/current/BP-173393941-198.202.119.125-1554833462622'
removed `/scratch/pbarhate/22472118/hdfs_data/current/VERSION'
removed directory: `/scratch/pbarhate/22472118/hdfs_data/current'
removed directory: `/scratch/pbarhate/22472118/hdfs_data'
removed directory: `/scratch/pbarhate/22472118/pids'
removed `/scratch/pbarhate/22472118/logs/yarn-pbarhate-resourcemanager-comet-22-28.log'
removed `/scratch/pbarhate/22472118/logs/hadoop-pbarhate-namenode-comet-22-28.sdsc.edu.out'
removed `/scratch/pbarhate/22472118/logs/hadoop-pbarhate-datanode-comet-22-28.sdsc.edu.out'
removed `/scratch/pbarhate/22472118/logs/userlogs/application_1554833479764_0002/container_1554833479764_0002_01_000002/stdout'
removed `/scratch/pbarhate/22472118/logs/userlogs/application_1554833479764_0002/container_1554833479764_0002_01_000002/syslog'
removed `/scratch/pbarhate/22472118/logs/userlogs/application_1554833479764_0002/container_1554833479764_0002_01_000002/stderr'
removed directory: `/scratch/pbarhate/22472118/logs/userlogs/application_1554833479764_0002/container_1554833479764_0002_01_000002'
removed `/scratch/pbarhate/22472118/logs/userlogs/application_1554833479764_0002/container_1554833479764_0002_01_000001/syslog'
removed `/scratch/pbarhate/22472118/logs/userlogs/application_1554833479764_0002/container_1554833479764_0002_01_000001/stdout'
removed `/scratch/pbarhate/22472118/logs/userlogs/application_1554833479764_0002/container_1554833479764_0002_01_000001/stderr'
removed directory: `/scratch/pbarhate/22472118/logs/userlogs/application_1554833479764_0002/container_1554833479764_0002_01_000001'
removed directory: `/scratch/pbarhate/22472118/logs/userlogs/application_1554833479764_0002'
removed `/scratch/pbarhate/22472118/logs/userlogs/application_1554833479764_0001/container_1554833479764_0001_01_000003/stdout'
removed `/scratch/pbarhate/22472118/logs/userlogs/application_1554833479764_0001/container_1554833479764_0001_01_000003/syslog'
removed `/scratch/pbarhate/22472118/logs/userlogs/application_1554833479764_0001/container_1554833479764_0001_01_000003/stderr'
removed directory: `/scratch/pbarhate/22472118/logs/userlogs/application_1554833479764_0001/container_1554833479764_0001_01_000003'
removed `/scratch/pbarhate/22472118/logs/userlogs/application_1554833479764_0001/container_1554833479764_0001_01_000001/stderr'
removed `/scratch/pbarhate/22472118/logs/userlogs/application_1554833479764_0001/container_1554833479764_0001_01_000001/syslog'
removed `/scratch/pbarhate/22472118/logs/userlogs/application_1554833479764_0001/container_1554833479764_0001_01_000001/stdout'
removed directory: `/scratch/pbarhate/22472118/logs/userlogs/application_1554833479764_0001/container_1554833479764_0001_01_000001'
removed directory: `/scratch/pbarhate/22472118/logs/userlogs/application_1554833479764_0001'
removed directory: `/scratch/pbarhate/22472118/logs/userlogs'
removed `/scratch/pbarhate/22472118/logs/yarn-pbarhate-nodemanager-comet-22-28.sdsc.edu.out'
removed `/scratch/pbarhate/22472118/logs/hadoop-pbarhate-secondarynamenode-comet-22-28.sdsc.edu.out'
removed `/scratch/pbarhate/22472118/logs/yarn-pbarhate-nodemanager-comet-22-28.sdsc.edu.log'
removed `/scratch/pbarhate/22472118/logs/hadoop-pbarhate-secondarynamenode-comet-22-28.sdsc.edu.log'
removed `/scratch/pbarhate/22472118/logs/hadoop-pbarhate-datanode-comet-22-28.sdsc.edu.log'
removed `/scratch/pbarhate/22472118/logs/SecurityAuth-pbarhate.audit'
removed `/scratch/pbarhate/22472118/logs/yarn-pbarhate-resourcemanager-comet-22-28.out'
removed `/scratch/pbarhate/22472118/logs/hadoop-pbarhate-namenode-comet-22-28.sdsc.edu.log'
removed directory: `/scratch/pbarhate/22472118/logs'
removed directory: `/scratch/pbarhate/22472118/mapred_scratch/filecache'
removed directory: `/scratch/pbarhate/22472118/mapred_scratch/usercache'
removed directory: `/scratch/pbarhate/22472118/mapred_scratch/nmPrivate'
removed directory: `/scratch/pbarhate/22472118/mapred_scratch'
removed `/scratch/pbarhate/22472118/hdfs_data/current/VERSION'
removed directory: `/scratch/pbarhate/22472118/hdfs_data/current/BP-173393941-198.202.119.125-1554833462622/tmp'
removed `/scratch/pbarhate/22472118/hdfs_data/current/BP-173393941-198.202.119.125-1554833462622/current/VERSION'
removed `/scratch/pbarhate/22472118/hdfs_data/current/BP-173393941-198.202.119.125-1554833462622/current/finalized/subdir0/subdir0/blk_1073741838_1014.meta'
removed `/scratch/pbarhate/22472118/hdfs_data/current/BP-173393941-198.202.119.125-1554833462622/current/finalized/subdir0/subdir0/blk_1073741839'
removed `/scratch/pbarhate/22472118/hdfs_data/current/BP-173393941-198.202.119.125-1554833462622/current/finalized/subdir0/subdir0/blk_1073741849'
removed `/scratch/pbarhate/22472118/hdfs_data/current/BP-173393941-198.202.119.125-1554833462622/current/finalized/subdir0/subdir0/blk_1073741849_1025.meta'
removed `/scratch/pbarhate/22472118/hdfs_data/current/BP-173393941-198.202.119.125-1554833462622/current/finalized/subdir0/subdir0/blk_1073741851_1027.meta'
removed `/scratch/pbarhate/22472118/hdfs_data/current/BP-173393941-198.202.119.125-1554833462622/current/finalized/subdir0/subdir0/blk_1073741826_1002.meta'
removed `/scratch/pbarhate/22472118/hdfs_data/current/BP-173393941-198.202.119.125-1554833462622/current/finalized/subdir0/subdir0/blk_1073741839_1015.meta'
removed `/scratch/pbarhate/22472118/hdfs_data/current/BP-173393941-198.202.119.125-1554833462622/current/finalized/subdir0/subdir0/blk_1073741851'
removed `/scratch/pbarhate/22472118/hdfs_data/current/BP-173393941-198.202.119.125-1554833462622/current/finalized/subdir0/subdir0/blk_1073741826'
removed `/scratch/pbarhate/22472118/hdfs_data/current/BP-173393941-198.202.119.125-1554833462622/current/finalized/subdir0/subdir0/blk_1073741838'
removed `/scratch/pbarhate/22472118/hdfs_data/current/BP-173393941-198.202.119.125-1554833462622/current/finalized/subdir0/subdir0/blk_1073741825'
removed `/scratch/pbarhate/22472118/hdfs_data/current/BP-173393941-198.202.119.125-1554833462622/current/finalized/subdir0/subdir0/blk_1073741852'
removed `/scratch/pbarhate/22472118/hdfs_data/current/BP-173393941-198.202.119.125-1554833462622/current/finalized/subdir0/subdir0/blk_1073741852_1028.meta'
removed `/scratch/pbarhate/22472118/hdfs_data/current/BP-173393941-198.202.119.125-1554833462622/current/finalized/subdir0/subdir0/blk_1073741825_1001.meta'
removed directory: `/scratch/pbarhate/22472118/hdfs_data/current/BP-173393941-198.202.119.125-1554833462622/current/finalized/subdir0/subdir0'
removed directory: `/scratch/pbarhate/22472118/hdfs_data/current/BP-173393941-198.202.119.125-1554833462622/current/finalized/subdir0'
removed directory: `/scratch/pbarhate/22472118/hdfs_data/current/BP-173393941-198.202.119.125-1554833462622/current/finalized'
removed `/scratch/pbarhate/22472118/hdfs_data/current/BP-173393941-198.202.119.125-1554833462622/current/dfsUsed'
removed directory: `/scratch/pbarhate/22472118/hdfs_data/current/BP-173393941-198.202.119.125-1554833462622/current/rbw'
removed directory: `/scratch/pbarhate/22472118/hdfs_data/current/BP-173393941-198.202.119.125-1554833462622/current'
removed `/scratch/pbarhate/22472118/hdfs_data/current/BP-173393941-198.202.119.125-1554833462622/dncp_block_verification.log.prev'
removed `/scratch/pbarhate/22472118/hdfs_data/current/BP-173393941-198.202.119.125-1554833462622/dncp_block_verification.log.curr'
removed directory: `/scratch/pbarhate/22472118/hdfs_data/current/BP-173393941-198.202.119.125-1554833462622'
removed directory: `/scratch/pbarhate/22472118/hdfs_data/current'
removed directory: `/scratch/pbarhate/22472118/hdfs_data'
removed directory: `/scratch/pbarhate/22472118/pids'
removed `/scratch/pbarhate/22472118/logs/yarn-pbarhate-nodemanager-comet-22-45.sdsc.edu.log'
removed `/scratch/pbarhate/22472118/logs/hadoop-pbarhate-datanode-comet-22-45.sdsc.edu.out'
removed `/scratch/pbarhate/22472118/logs/SecurityAuth-pbarhate.audit'
removed directory: `/scratch/pbarhate/22472118/logs/userlogs'
removed `/scratch/pbarhate/22472118/logs/hadoop-pbarhate-datanode-comet-22-45.sdsc.edu.log'
removed `/scratch/pbarhate/22472118/logs/yarn-pbarhate-nodemanager-comet-22-45.sdsc.edu.out'
removed directory: `/scratch/pbarhate/22472118/logs'
removed directory: `/scratch/pbarhate/22472118/mapred_scratch/usercache/pbarhate/appcache'
removed `/scratch/pbarhate/22472118/mapred_scratch/usercache/pbarhate/filecache/16/.tmp_joda-time-2.9.3.jar.crc'
removed `/scratch/pbarhate/22472118/mapred_scratch/usercache/pbarhate/filecache/16/joda-time-2.9.3.jar'
removed directory: `/scratch/pbarhate/22472118/mapred_scratch/usercache/pbarhate/filecache/16'
removed `/scratch/pbarhate/22472118/mapred_scratch/usercache/pbarhate/filecache/11/.tmp_automaton-1.11-8.jar.crc'
removed `/scratch/pbarhate/22472118/mapred_scratch/usercache/pbarhate/filecache/11/automaton-1.11-8.jar'
removed directory: `/scratch/pbarhate/22472118/mapred_scratch/usercache/pbarhate/filecache/11'
removed `/scratch/pbarhate/22472118/mapred_scratch/usercache/pbarhate/filecache/15/.tmp_automaton-1.11-8.jar.crc'
removed `/scratch/pbarhate/22472118/mapred_scratch/usercache/pbarhate/filecache/15/automaton-1.11-8.jar'
removed directory: `/scratch/pbarhate/22472118/mapred_scratch/usercache/pbarhate/filecache/15'
removed `/scratch/pbarhate/22472118/mapred_scratch/usercache/pbarhate/filecache/12/.tmp_joda-time-2.9.3.jar.crc'
removed `/scratch/pbarhate/22472118/mapred_scratch/usercache/pbarhate/filecache/12/joda-time-2.9.3.jar'
removed directory: `/scratch/pbarhate/22472118/mapred_scratch/usercache/pbarhate/filecache/12'
removed `/scratch/pbarhate/22472118/mapred_scratch/usercache/pbarhate/filecache/10/pig-0.16.0-core-h2.jar'
removed `/scratch/pbarhate/22472118/mapred_scratch/usercache/pbarhate/filecache/10/.tmp_pig-0.16.0-core-h2.jar.crc'
removed directory: `/scratch/pbarhate/22472118/mapred_scratch/usercache/pbarhate/filecache/10'
removed `/scratch/pbarhate/22472118/mapred_scratch/usercache/pbarhate/filecache/17/.tmp_antlr-runtime-3.4.jar.crc'
removed `/scratch/pbarhate/22472118/mapred_scratch/usercache/pbarhate/filecache/17/antlr-runtime-3.4.jar'
removed directory: `/scratch/pbarhate/22472118/mapred_scratch/usercache/pbarhate/filecache/17'
removed `/scratch/pbarhate/22472118/mapred_scratch/usercache/pbarhate/filecache/13/.tmp_antlr-runtime-3.4.jar.crc'
removed `/scratch/pbarhate/22472118/mapred_scratch/usercache/pbarhate/filecache/13/antlr-runtime-3.4.jar'
removed directory: `/scratch/pbarhate/22472118/mapred_scratch/usercache/pbarhate/filecache/13'
removed `/scratch/pbarhate/22472118/mapred_scratch/usercache/pbarhate/filecache/14/.tmp_pig-0.16.0-core-h2.jar.crc'
removed `/scratch/pbarhate/22472118/mapred_scratch/usercache/pbarhate/filecache/14/pig-0.16.0-core-h2.jar'
removed directory: `/scratch/pbarhate/22472118/mapred_scratch/usercache/pbarhate/filecache/14'
removed directory: `/scratch/pbarhate/22472118/mapred_scratch/usercache/pbarhate/filecache'
removed directory: `/scratch/pbarhate/22472118/mapred_scratch/usercache/pbarhate'
removed directory: `/scratch/pbarhate/22472118/mapred_scratch/usercache'
removed directory: `/scratch/pbarhate/22472118/mapred_scratch/nmPrivate'
removed directory: `/scratch/pbarhate/22472118/mapred_scratch/filecache'
removed directory: `/scratch/pbarhate/22472118/mapred_scratch'
removed `/scratch/pbarhate/22472118/hdfs_data/current/VERSION'
removed `/scratch/pbarhate/22472118/hdfs_data/current/BP-173393941-198.202.119.125-1554833462622/dncp_block_verification.log.prev'
removed directory: `/scratch/pbarhate/22472118/hdfs_data/current/BP-173393941-198.202.119.125-1554833462622/tmp'
removed `/scratch/pbarhate/22472118/hdfs_data/current/BP-173393941-198.202.119.125-1554833462622/current/finalized/subdir0/subdir0/blk_1073741825_1001.meta'
removed `/scratch/pbarhate/22472118/hdfs_data/current/BP-173393941-198.202.119.125-1554833462622/current/finalized/subdir0/subdir0/blk_1073741852_1028.meta'
removed `/scratch/pbarhate/22472118/hdfs_data/current/BP-173393941-198.202.119.125-1554833462622/current/finalized/subdir0/subdir0/blk_1073741852'
removed `/scratch/pbarhate/22472118/hdfs_data/current/BP-173393941-198.202.119.125-1554833462622/current/finalized/subdir0/subdir0/blk_1073741825'
removed `/scratch/pbarhate/22472118/hdfs_data/current/BP-173393941-198.202.119.125-1554833462622/current/finalized/subdir0/subdir0/blk_1073741838'
removed `/scratch/pbarhate/22472118/hdfs_data/current/BP-173393941-198.202.119.125-1554833462622/current/finalized/subdir0/subdir0/blk_1073741826'
removed `/scratch/pbarhate/22472118/hdfs_data/current/BP-173393941-198.202.119.125-1554833462622/current/finalized/subdir0/subdir0/blk_1073741851'
removed `/scratch/pbarhate/22472118/hdfs_data/current/BP-173393941-198.202.119.125-1554833462622/current/finalized/subdir0/subdir0/blk_1073741839_1015.meta'
removed `/scratch/pbarhate/22472118/hdfs_data/current/BP-173393941-198.202.119.125-1554833462622/current/finalized/subdir0/subdir0/blk_1073741826_1002.meta'
removed `/scratch/pbarhate/22472118/hdfs_data/current/BP-173393941-198.202.119.125-1554833462622/current/finalized/subdir0/subdir0/blk_1073741851_1027.meta'
removed `/scratch/pbarhate/22472118/hdfs_data/current/BP-173393941-198.202.119.125-1554833462622/current/finalized/subdir0/subdir0/blk_1073741849_1025.meta'
removed `/scratch/pbarhate/22472118/hdfs_data/current/BP-173393941-198.202.119.125-1554833462622/current/finalized/subdir0/subdir0/blk_1073741849'
removed `/scratch/pbarhate/22472118/hdfs_data/current/BP-173393941-198.202.119.125-1554833462622/current/finalized/subdir0/subdir0/blk_1073741839'
removed `/scratch/pbarhate/22472118/hdfs_data/current/BP-173393941-198.202.119.125-1554833462622/current/finalized/subdir0/subdir0/blk_1073741838_1014.meta'
removed directory: `/scratch/pbarhate/22472118/hdfs_data/current/BP-173393941-198.202.119.125-1554833462622/current/finalized/subdir0/subdir0'
removed directory: `/scratch/pbarhate/22472118/hdfs_data/current/BP-173393941-198.202.119.125-1554833462622/current/finalized/subdir0'
removed directory: `/scratch/pbarhate/22472118/hdfs_data/current/BP-173393941-198.202.119.125-1554833462622/current/finalized'
removed `/scratch/pbarhate/22472118/hdfs_data/current/BP-173393941-198.202.119.125-1554833462622/current/dfsUsed'
removed `/scratch/pbarhate/22472118/hdfs_data/current/BP-173393941-198.202.119.125-1554833462622/current/VERSION'
removed directory: `/scratch/pbarhate/22472118/hdfs_data/current/BP-173393941-198.202.119.125-1554833462622/current/rbw'
removed directory: `/scratch/pbarhate/22472118/hdfs_data/current/BP-173393941-198.202.119.125-1554833462622/current'
removed `/scratch/pbarhate/22472118/hdfs_data/current/BP-173393941-198.202.119.125-1554833462622/dncp_block_verification.log.curr'
removed directory: `/scratch/pbarhate/22472118/hdfs_data/current/BP-173393941-198.202.119.125-1554833462622'
removed directory: `/scratch/pbarhate/22472118/hdfs_data/current'
removed directory: `/scratch/pbarhate/22472118/hdfs_data'
removed directory: `/scratch/pbarhate/22472118/pids'
removed `/scratch/pbarhate/22472118/logs/yarn-pbarhate-nodemanager-comet-22-70.sdsc.edu.log'
removed `/scratch/pbarhate/22472118/logs/hadoop-pbarhate-datanode-comet-22-70.sdsc.edu.log'
removed `/scratch/pbarhate/22472118/logs/SecurityAuth-pbarhate.audit'
removed `/scratch/pbarhate/22472118/logs/userlogs/application_1554833479764_0002/container_1554833479764_0002_01_000003/stderr'
removed `/scratch/pbarhate/22472118/logs/userlogs/application_1554833479764_0002/container_1554833479764_0002_01_000003/syslog'
removed `/scratch/pbarhate/22472118/logs/userlogs/application_1554833479764_0002/container_1554833479764_0002_01_000003/stdout'
removed directory: `/scratch/pbarhate/22472118/logs/userlogs/application_1554833479764_0002/container_1554833479764_0002_01_000003'
removed directory: `/scratch/pbarhate/22472118/logs/userlogs/application_1554833479764_0002'
removed `/scratch/pbarhate/22472118/logs/userlogs/application_1554833479764_0001/container_1554833479764_0001_01_000002/stdout'
removed `/scratch/pbarhate/22472118/logs/userlogs/application_1554833479764_0001/container_1554833479764_0001_01_000002/syslog'
removed `/scratch/pbarhate/22472118/logs/userlogs/application_1554833479764_0001/container_1554833479764_0001_01_000002/stderr'
removed directory: `/scratch/pbarhate/22472118/logs/userlogs/application_1554833479764_0001/container_1554833479764_0001_01_000002'
removed directory: `/scratch/pbarhate/22472118/logs/userlogs/application_1554833479764_0001'
removed directory: `/scratch/pbarhate/22472118/logs/userlogs'
removed `/scratch/pbarhate/22472118/logs/hadoop-pbarhate-datanode-comet-22-70.sdsc.edu.out'
removed `/scratch/pbarhate/22472118/logs/yarn-pbarhate-nodemanager-comet-22-70.sdsc.edu.out'
removed directory: `/scratch/pbarhate/22472118/logs'
removed directory: `/tmp/Jetty_0_0_0_0_50070_hdfs____w2cu08/.active'
removed directory: `/tmp/Jetty_0_0_0_0_50070_hdfs____w2cu08/jsp'
removed directory: `/tmp/Jetty_0_0_0_0_50070_hdfs____w2cu08'
removed directory: `/tmp/Jetty_comet.22.28_ibnet_50090_secondary____.r9unx/.active'
removed directory: `/tmp/Jetty_comet.22.28_ibnet_50090_secondary____.r9unx/jsp'
removed directory: `/tmp/Jetty_comet.22.28_ibnet_50090_secondary____.r9unx'
removed directory: `/tmp/Jetty_0_0_0_0_50075_datanode____hwtdwq_5397181098488985069/.active'
removed directory: `/tmp/Jetty_0_0_0_0_50075_datanode____hwtdwq_5397181098488985069/jsp'
removed directory: `/tmp/Jetty_0_0_0_0_50075_datanode____hwtdwq_5397181098488985069'
