which: no hadoop in (/opt/gnu/gcc/bin:/opt/gnu/bin:/opt/mvapich2/intel/ib/bin:/opt/intel/composer_xe_2013_sp1.2.144/bin/intel64:/opt/intel/composer_xe_2013_sp1.2.144/mpirt/bin/intel64:/opt/intel/composer_xe_2013_sp1.2.144/debugger/gdb/intel64_mic/bin:/usr/lib64/qt-3.3/bin:/usr/local/bin:/bin:/usr/bin:/usr/local/sbin:/usr/sbin:/sbin:/opt/sdsc/bin:/opt/sdsc/sbin:/opt/ibutils/bin:/usr/java/latest/bin:/opt/pdsh/bin:/opt/rocks/bin:/opt/rocks/sbin:/home/pbarhate/bin)
19/04/09 11:08:32 INFO pig.ExecTypeProvider: Trying ExecType : LOCAL
19/04/09 11:08:32 INFO pig.ExecTypeProvider: Picked LOCAL as the ExecType
2019-04-09 11:08:32,983 [main] INFO  org.apache.pig.Main - Apache Pig version 0.16.0 (r1746530) compiled Jun 01 2016, 23:09:59
2019-04-09 11:08:32,983 [main] INFO  org.apache.pig.Main - Logging error messages to: /home/pbarhate/project6/pig_1554833312981.log
2019-04-09 11:08:33,204 [main] INFO  org.apache.pig.impl.util.Utils - Default bootup file /home/pbarhate/.pigbootup not found
2019-04-09 11:08:33,439 [main] INFO  org.apache.pig.backend.hadoop.executionengine.HExecutionEngine - Connecting to hadoop file system at: file:///
2019-04-09 11:08:33,474 [main] INFO  org.apache.pig.PigServer - Pig Script ID for the session: 
2019-04-09 11:08:33,475 [main] WARN  org.apache.pig.PigServer - ATS is disabled since yarn.timeline-service.enabled set to false
2019-04-09 11:08:34,184 [main] INFO  org.apache.pig.tools.pigstats.ScriptState - Pig features used in the script: GROUP_BY
2019-04-09 11:08:34,227 [main] INFO  org.apache.pig.newplan.logical.optimizer.LogicalPlanOptimizer - {RULES_ENABLED=[AddForEach, ColumnMapKeyPrune, ConstantCalculator, GroupByConstParallelSetter, LimitOptimizer, LoadTypeCastInserter, MergeFilter, MergeForEach, PartitionFilterOptimizer, PredicatePushdownOptimizer, PushDownForEachFlatten, PushUpFilter, SplitFilter, StreamTypeCastInserter]}
2019-04-09 11:08:34,279 [main] INFO  org.apache.pig.impl.util.SpillableMemoryManager - Selected heap (PS Old Gen) of size 699400192 to monitor. collectionUsageThreshold = 489580128, usageThreshold = 489580128
2019-04-09 11:08:34,317 [main] INFO  org.apache.pig.backend.hadoop.executionengine.mapReduceLayer.MRCompiler - File concatenation threshold: 100 optimistic? false
2019-04-09 11:08:34,325 [main] WARN  org.apache.hadoop.util.NativeCodeLoader - Unable to load native-hadoop library for your platform... using builtin-java classes where applicable
2019-04-09 11:08:34,331 [main] INFO  org.apache.pig.backend.hadoop.executionengine.util.CombinerOptimizerUtil - Choosing to move algebraic foreach to combiner
2019-04-09 11:08:34,342 [main] INFO  org.apache.pig.backend.hadoop.executionengine.util.CombinerOptimizerUtil - Choosing to move algebraic foreach to combiner
2019-04-09 11:08:34,355 [main] INFO  org.apache.pig.backend.hadoop.executionengine.mapReduceLayer.MultiQueryOptimizer - MR plan size before optimization: 2
2019-04-09 11:08:34,356 [main] INFO  org.apache.pig.backend.hadoop.executionengine.mapReduceLayer.MultiQueryOptimizer - MR plan size after optimization: 2
2019-04-09 11:08:34,480 [main] INFO  org.apache.pig.tools.pigstats.mapreduce.MRScriptState - Pig script settings are added to the job
2019-04-09 11:08:34,489 [main] INFO  org.apache.pig.backend.hadoop.executionengine.mapReduceLayer.JobControlCompiler - mapred.job.reduce.markreset.buffer.percent is not set, set to default 0.3
2019-04-09 11:08:34,490 [main] INFO  org.apache.pig.backend.hadoop.executionengine.mapReduceLayer.JobControlCompiler - Reduce phase detected, estimating # of required reducers.
2019-04-09 11:08:34,491 [main] INFO  org.apache.pig.backend.hadoop.executionengine.mapReduceLayer.JobControlCompiler - Using reducer estimator: org.apache.pig.backend.hadoop.executionengine.mapReduceLayer.InputSizeReducerEstimator
2019-04-09 11:08:34,493 [main] INFO  org.apache.pig.backend.hadoop.executionengine.mapReduceLayer.InputSizeReducerEstimator - BytesPerReducer=1000000000 maxReducers=999 totalInputFileSize=165
2019-04-09 11:08:34,494 [main] INFO  org.apache.pig.backend.hadoop.executionengine.mapReduceLayer.JobControlCompiler - Setting Parallelism to 1
2019-04-09 11:08:34,510 [main] INFO  org.apache.pig.backend.hadoop.executionengine.mapReduceLayer.JobControlCompiler - Setting up single store job
2019-04-09 11:08:34,515 [main] INFO  org.apache.pig.data.SchemaTupleFrontend - Key [pig.schematuple] is false, will not generate code.
2019-04-09 11:08:34,515 [main] INFO  org.apache.pig.data.SchemaTupleFrontend - Starting process to move generated code to distributed cacche
2019-04-09 11:08:34,515 [main] INFO  org.apache.pig.data.SchemaTupleFrontend - Distributed cache not supported or needed in local mode. Setting key [pig.schematuple.local.dir] with code temp directory: /tmp/1554833314515-0
2019-04-09 11:08:34,641 [main] INFO  org.apache.pig.backend.hadoop.executionengine.mapReduceLayer.MapReduceLauncher - 1 map-reduce job(s) waiting for submission.
2019-04-09 11:08:34,663 [JobControl] WARN  org.apache.hadoop.mapred.JobClient - No job jar file set.  User classes may not be found. See JobConf(Class) or JobConf#setJar(String).
2019-04-09 11:08:34,701 [JobControl] INFO  org.apache.pig.builtin.PigStorage - Using PigTextInputFormat
2019-04-09 11:08:34,702 [JobControl] INFO  org.apache.hadoop.mapreduce.lib.input.FileInputFormat - Total input paths to process : 1
2019-04-09 11:08:34,702 [JobControl] INFO  org.apache.pig.backend.hadoop.executionengine.util.MapRedUtil - Total input paths to process : 1
2019-04-09 11:08:34,709 [JobControl] WARN  org.apache.hadoop.io.compress.snappy.LoadSnappy - Snappy native library is available
2019-04-09 11:08:34,709 [JobControl] WARN  org.apache.hadoop.io.compress.snappy.LoadSnappy - Snappy native library not loaded
2019-04-09 11:08:34,711 [JobControl] INFO  org.apache.pig.backend.hadoop.executionengine.util.MapRedUtil - Total input paths (combined) to process : 1
2019-04-09 11:08:35,122 [Thread-3] INFO  org.apache.hadoop.util.ProcessTree - setsid exited with exit code 0
2019-04-09 11:08:35,127 [Thread-3] INFO  org.apache.hadoop.mapred.Task -  Using ResourceCalculatorPlugin : org.apache.hadoop.util.LinuxResourceCalculatorPlugin@5c2edbcb
2019-04-09 11:08:35,142 [main] INFO  org.apache.pig.backend.hadoop.executionengine.mapReduceLayer.MapReduceLauncher - HadoopJobId: job_local_0001
2019-04-09 11:08:35,142 [main] INFO  org.apache.pig.backend.hadoop.executionengine.mapReduceLayer.MapReduceLauncher - Processing aliases graph1,graph1_grouped,graph2
2019-04-09 11:08:35,142 [main] INFO  org.apache.pig.backend.hadoop.executionengine.mapReduceLayer.MapReduceLauncher - detailed locations: M: graph1[1,9],graph1[-1,-1],graph2[-1,-1],graph1_grouped[2,17] C: graph2[-1,-1],graph1_grouped[2,17] R: graph2[-1,-1]
2019-04-09 11:08:35,144 [main] INFO  org.apache.pig.backend.hadoop.executionengine.mapReduceLayer.MapReduceLauncher - 0% complete
2019-04-09 11:08:35,144 [main] INFO  org.apache.pig.backend.hadoop.executionengine.mapReduceLayer.MapReduceLauncher - Running jobs are [job_local_0001]
2019-04-09 11:08:35,156 [Thread-3] INFO  org.apache.pig.builtin.PigStorage - Using PigTextInputFormat
2019-04-09 11:08:35,158 [Thread-3] INFO  org.apache.pig.backend.hadoop.executionengine.mapReduceLayer.PigRecordReader - Current split being processed file:/home/pbarhate/project6/small-graph.txt:0+165
2019-04-09 11:08:35,174 [Thread-3] INFO  org.apache.hadoop.mapred.MapTask - io.sort.mb = 100
2019-04-09 11:08:35,198 [Thread-3] INFO  org.apache.hadoop.mapred.MapTask - data buffer = 79691776/99614720
2019-04-09 11:08:35,198 [Thread-3] INFO  org.apache.hadoop.mapred.MapTask - record buffer = 262144/327680
2019-04-09 11:08:35,204 [Thread-3] INFO  org.apache.pig.impl.util.SpillableMemoryManager - Selected heap (PS Old Gen) of size 699400192 to monitor. collectionUsageThreshold = 489580128, usageThreshold = 489580128
2019-04-09 11:08:35,204 [Thread-3] INFO  org.apache.pig.data.SchemaTupleBackend - Key [pig.schematuple] was not set... will not generate code.
2019-04-09 11:08:35,220 [Thread-3] INFO  org.apache.pig.backend.hadoop.executionengine.mapReduceLayer.PigGenericMapReduce$Map - Aliases being processed per job phase (AliasName[line,offset]): M: graph1[1,9],graph1[-1,-1],graph2[-1,-1],graph1_grouped[2,17] C: graph2[-1,-1],graph1_grouped[2,17] R: graph2[-1,-1]
2019-04-09 11:08:35,262 [Thread-3] INFO  org.apache.hadoop.mapred.MapTask - Starting flush of map output
2019-04-09 11:08:35,327 [Thread-3] INFO  org.apache.pig.backend.hadoop.executionengine.mapReduceLayer.PigCombiner$Combine - Aliases being processed per job phase (AliasName[line,offset]): M: graph1[1,9],graph1[-1,-1],graph2[-1,-1],graph1_grouped[2,17] C: graph2[-1,-1],graph1_grouped[2,17] R: graph2[-1,-1]
2019-04-09 11:08:35,342 [Thread-3] INFO  org.apache.hadoop.mapred.MapTask - Finished spill 0
2019-04-09 11:08:35,353 [Thread-3] INFO  org.apache.hadoop.mapred.Task - Task:attempt_local_0001_m_000000_0 is done. And is in the process of commiting
2019-04-09 11:08:38,003 [Thread-3] INFO  org.apache.hadoop.mapred.LocalJobRunner - 
2019-04-09 11:08:38,003 [Thread-3] INFO  org.apache.hadoop.mapred.Task - Task 'attempt_local_0001_m_000000_0' done.
2019-04-09 11:08:38,018 [Thread-3] INFO  org.apache.hadoop.mapred.Task -  Using ResourceCalculatorPlugin : org.apache.hadoop.util.LinuxResourceCalculatorPlugin@69fff02d
2019-04-09 11:08:38,018 [Thread-3] INFO  org.apache.hadoop.mapred.LocalJobRunner - 
2019-04-09 11:08:38,021 [Thread-3] INFO  org.apache.hadoop.mapred.Merger - Merging 1 sorted segments
2019-04-09 11:08:38,030 [Thread-3] INFO  org.apache.hadoop.mapred.Merger - Down to the last merge-pass, with 1 segments left of total size: 114 bytes
2019-04-09 11:08:38,030 [Thread-3] INFO  org.apache.hadoop.mapred.LocalJobRunner - 
2019-04-09 11:08:38,041 [Thread-3] INFO  org.apache.pig.impl.util.SpillableMemoryManager - Selected heap (PS Old Gen) of size 699400192 to monitor. collectionUsageThreshold = 489580128, usageThreshold = 489580128
2019-04-09 11:08:38,041 [Thread-3] WARN  org.apache.pig.data.SchemaTupleBackend - SchemaTupleBackend has already been initialized
2019-04-09 11:08:38,075 [Thread-3] INFO  org.apache.pig.backend.hadoop.executionengine.mapReduceLayer.PigMapReduce$Reduce - Aliases being processed per job phase (AliasName[line,offset]): M: graph1[1,9],graph1[-1,-1],graph2[-1,-1],graph1_grouped[2,17] C: graph2[-1,-1],graph1_grouped[2,17] R: graph2[-1,-1]
2019-04-09 11:08:38,077 [Thread-3] INFO  org.apache.hadoop.mapred.Task - Task:attempt_local_0001_r_000000_0 is done. And is in the process of commiting
2019-04-09 11:08:38,090 [Thread-3] INFO  org.apache.hadoop.mapred.LocalJobRunner - 
2019-04-09 11:08:38,091 [Thread-3] INFO  org.apache.hadoop.mapred.Task - Task attempt_local_0001_r_000000_0 is allowed to commit now
2019-04-09 11:08:38,092 [Thread-3] INFO  org.apache.hadoop.mapreduce.lib.output.FileOutputCommitter - Saved output of task 'attempt_local_0001_r_000000_0' to file:/tmp/temp831836473/tmp2046323543
2019-04-09 11:08:38,150 [main] INFO  org.apache.pig.backend.hadoop.executionengine.mapReduceLayer.MapReduceLauncher - 25% complete
2019-04-09 11:08:38,152 [main] INFO  org.apache.pig.backend.hadoop.executionengine.mapReduceLayer.MapReduceLauncher - Running jobs are [job_local_0001]
2019-04-09 11:08:41,033 [Thread-3] INFO  org.apache.hadoop.mapred.LocalJobRunner - reduce > reduce
2019-04-09 11:08:41,033 [Thread-3] INFO  org.apache.hadoop.mapred.Task - Task 'attempt_local_0001_r_000000_0' done.
2019-04-09 11:08:41,153 [main] INFO  org.apache.pig.backend.hadoop.executionengine.mapReduceLayer.MapReduceLauncher - 50% complete
2019-04-09 11:08:41,159 [main] INFO  org.apache.pig.tools.pigstats.mapreduce.MRScriptState - Pig script settings are added to the job
2019-04-09 11:08:41,159 [main] INFO  org.apache.pig.backend.hadoop.executionengine.mapReduceLayer.JobControlCompiler - mapred.job.reduce.markreset.buffer.percent is not set, set to default 0.3
2019-04-09 11:08:41,160 [main] INFO  org.apache.pig.backend.hadoop.executionengine.mapReduceLayer.JobControlCompiler - Reduce phase detected, estimating # of required reducers.
2019-04-09 11:08:41,160 [main] INFO  org.apache.pig.backend.hadoop.executionengine.mapReduceLayer.JobControlCompiler - Using reducer estimator: org.apache.pig.backend.hadoop.executionengine.mapReduceLayer.InputSizeReducerEstimator
2019-04-09 11:08:41,160 [main] INFO  org.apache.pig.backend.hadoop.executionengine.mapReduceLayer.InputSizeReducerEstimator - BytesPerReducer=1000000000 maxReducers=999 totalInputFileSize=64
2019-04-09 11:08:41,160 [main] INFO  org.apache.pig.backend.hadoop.executionengine.mapReduceLayer.JobControlCompiler - Setting Parallelism to 1
2019-04-09 11:08:41,161 [main] INFO  org.apache.pig.backend.hadoop.executionengine.mapReduceLayer.JobControlCompiler - Setting up single store job
2019-04-09 11:08:41,192 [main] INFO  org.apache.pig.backend.hadoop.executionengine.mapReduceLayer.MapReduceLauncher - 1 map-reduce job(s) waiting for submission.
2019-04-09 11:08:41,211 [JobControl] WARN  org.apache.hadoop.mapred.JobClient - No job jar file set.  User classes may not be found. See JobConf(Class) or JobConf#setJar(String).
2019-04-09 11:08:41,216 [JobControl] INFO  org.apache.hadoop.mapreduce.lib.input.FileInputFormat - Total input paths to process : 1
2019-04-09 11:08:41,216 [JobControl] INFO  org.apache.pig.backend.hadoop.executionengine.util.MapRedUtil - Total input paths to process : 1
2019-04-09 11:08:41,217 [JobControl] INFO  org.apache.pig.backend.hadoop.executionengine.util.MapRedUtil - Total input paths (combined) to process : 1
2019-04-09 11:08:41,333 [Thread-9] INFO  org.apache.hadoop.mapred.Task -  Using ResourceCalculatorPlugin : org.apache.hadoop.util.LinuxResourceCalculatorPlugin@7c24dd66
2019-04-09 11:08:41,343 [Thread-9] INFO  org.apache.pig.backend.hadoop.executionengine.mapReduceLayer.PigRecordReader - Current split being processed file:/tmp/temp831836473/tmp2046323543/part-r-00000:0+64
2019-04-09 11:08:41,343 [Thread-9] INFO  org.apache.hadoop.mapred.MapTask - io.sort.mb = 100
2019-04-09 11:08:41,489 [Thread-9] INFO  org.apache.hadoop.mapred.MapTask - data buffer = 79691776/99614720
2019-04-09 11:08:41,489 [Thread-9] INFO  org.apache.hadoop.mapred.MapTask - record buffer = 262144/327680
2019-04-09 11:08:41,510 [Thread-9] INFO  org.apache.pig.impl.util.SpillableMemoryManager - Selected heap (PS Old Gen) of size 699400192 to monitor. collectionUsageThreshold = 489580128, usageThreshold = 489580128
2019-04-09 11:08:41,510 [Thread-9] WARN  org.apache.pig.data.SchemaTupleBackend - SchemaTupleBackend has already been initialized
2019-04-09 11:08:41,512 [Thread-9] INFO  org.apache.pig.backend.hadoop.executionengine.mapReduceLayer.PigGenericMapReduce$Map - Aliases being processed per job phase (AliasName[line,offset]): M: graph2_stage[6,15],graph2_grouped[5,17] C: graph2_stage[6,15],graph2_grouped[5,17] R: graph2_stage[6,15]
2019-04-09 11:08:41,513 [Thread-9] INFO  org.apache.hadoop.mapred.MapTask - Starting flush of map output
2019-04-09 11:08:41,519 [Thread-9] INFO  org.apache.hadoop.mapred.MapTask - Finished spill 0
2019-04-09 11:08:41,547 [Thread-9] INFO  org.apache.hadoop.mapred.Task - Task:attempt_local_0002_m_000000_0 is done. And is in the process of commiting
2019-04-09 11:08:41,695 [main] INFO  org.apache.pig.backend.hadoop.executionengine.mapReduceLayer.MapReduceLauncher - HadoopJobId: job_local_0002
2019-04-09 11:08:41,696 [main] INFO  org.apache.pig.backend.hadoop.executionengine.mapReduceLayer.MapReduceLauncher - Processing aliases graph2_grouped,graph2_stage
2019-04-09 11:08:41,696 [main] INFO  org.apache.pig.backend.hadoop.executionengine.mapReduceLayer.MapReduceLauncher - detailed locations: M: graph2_stage[6,15],graph2_grouped[5,17] C: graph2_stage[6,15],graph2_grouped[5,17] R: graph2_stage[6,15]
2019-04-09 11:08:44,434 [Thread-9] INFO  org.apache.hadoop.mapred.LocalJobRunner - 
2019-04-09 11:08:44,434 [Thread-9] INFO  org.apache.hadoop.mapred.Task - Task 'attempt_local_0002_m_000000_0' done.
2019-04-09 11:08:44,439 [Thread-9] INFO  org.apache.hadoop.mapred.Task -  Using ResourceCalculatorPlugin : org.apache.hadoop.util.LinuxResourceCalculatorPlugin@67f33ef1
2019-04-09 11:08:44,439 [Thread-9] INFO  org.apache.hadoop.mapred.LocalJobRunner - 
2019-04-09 11:08:44,440 [Thread-9] INFO  org.apache.hadoop.mapred.Merger - Merging 1 sorted segments
2019-04-09 11:08:44,446 [Thread-9] INFO  org.apache.hadoop.mapred.Merger - Down to the last merge-pass, with 1 segments left of total size: 90 bytes
2019-04-09 11:08:44,446 [Thread-9] INFO  org.apache.hadoop.mapred.LocalJobRunner - 
2019-04-09 11:08:44,457 [Thread-9] INFO  org.apache.pig.impl.util.SpillableMemoryManager - Selected heap (PS Old Gen) of size 699400192 to monitor. collectionUsageThreshold = 489580128, usageThreshold = 489580128
2019-04-09 11:08:44,457 [Thread-9] WARN  org.apache.pig.data.SchemaTupleBackend - SchemaTupleBackend has already been initialized
2019-04-09 11:08:44,460 [Thread-9] INFO  org.apache.pig.backend.hadoop.executionengine.mapReduceLayer.PigMapReduce$Reduce - Aliases being processed per job phase (AliasName[line,offset]): M: graph2_stage[6,15],graph2_grouped[5,17] C: graph2_stage[6,15],graph2_grouped[5,17] R: graph2_stage[6,15]
2019-04-09 11:08:44,464 [Thread-9] INFO  org.apache.hadoop.mapred.Task - Task:attempt_local_0002_r_000000_0 is done. And is in the process of commiting
2019-04-09 11:08:44,465 [Thread-9] INFO  org.apache.hadoop.mapred.LocalJobRunner - 
2019-04-09 11:08:44,470 [Thread-9] INFO  org.apache.hadoop.mapred.Task - Task attempt_local_0002_r_000000_0 is allowed to commit now
2019-04-09 11:08:44,478 [Thread-9] INFO  org.apache.hadoop.mapreduce.lib.output.FileOutputCommitter - Saved output of task 'attempt_local_0002_r_000000_0' to file:/home/pbarhate/project6/output
2019-04-09 11:08:44,702 [main] INFO  org.apache.pig.backend.hadoop.executionengine.mapReduceLayer.MapReduceLauncher - 75% complete
2019-04-09 11:08:44,702 [main] INFO  org.apache.pig.backend.hadoop.executionengine.mapReduceLayer.MapReduceLauncher - Running jobs are [job_local_0002]
2019-04-09 11:08:47,451 [Thread-9] INFO  org.apache.hadoop.mapred.LocalJobRunner - reduce > reduce
2019-04-09 11:08:47,451 [Thread-9] INFO  org.apache.hadoop.mapred.Task - Task 'attempt_local_0002_r_000000_0' done.
2019-04-09 11:08:47,705 [main] INFO  org.apache.pig.backend.hadoop.executionengine.mapReduceLayer.MapReduceLauncher - 100% complete
2019-04-09 11:08:47,707 [main] INFO  org.apache.pig.tools.pigstats.mapreduce.SimplePigStats - Script Statistics: 

HadoopVersion	PigVersion	UserId	StartedAt	FinishedAt	Features
1.0.4	0.16.0	pbarhate	2019-04-09 11:08:34	2019-04-09 11:08:47	GROUP_BY

Success!

Job Stats (time in seconds):
JobId	Maps	Reduces	MaxMapTime	MinMapTime	AvgMapTime	MedianMapTime	MaxReduceTime	MinReduceTime	AvgReduceTime	MedianReducetime	Alias	Feature	Outputs
job_local_0001	1	1	n/a	n/a	n/a	n/a	n/a	n/a	n/a	n/a	graph1,graph1_grouped,graph2	GROUP_BY,COMBINER	
job_local_0002	1	1	n/a	n/a	n/a	n/a	n/a	n/a	n/a	n/a	graph2_grouped,graph2_stage	GROUP_BY,COMBINER	file:///home/pbarhate/project6/output,

Input(s):
Successfully read 31 records from: "file:///home/pbarhate/project6/small-graph.txt"

Output(s):
Successfully stored 5 records in: "file:///home/pbarhate/project6/output"

Counters:
Total records written : 5
Total bytes written : 0
Spillable Memory Manager spill count : 0
Total bags proactively spilled: 0
Total records proactively spilled: 0

Job DAG:
job_local_0001	->	job_local_0002,
job_local_0002


2019-04-09 11:08:47,709 [main] INFO  org.apache.pig.backend.hadoop.executionengine.mapReduceLayer.MapReduceLauncher - Success!
2019-04-09 11:08:47,727 [main] INFO  org.apache.pig.Main - Pig script completed in 14 seconds and 991 milliseconds (14991 ms)
